<?xml version="1.0" encoding="UTF-8"?>
<testsuite xmlns:xsi="http://www.w3.org/2001/XMLSchema-instance" xsi:noNamespaceSchemaLocation="https://maven.apache.org/surefire/maven-surefire-plugin/xsd/surefire-test-report.xsd" version="3.0.2" name="com.example.inventory_service.InventoryServiceApplicationTests" time="2.288" tests="1" errors="0" skipped="0" failures="0">
  <properties>
[...]
</properties>
  <testcase name="contextLoads" classname="com.example.inventory_service.InventoryServiceApplicationTests" time="0.258">
    <system-out><![CDATA[10:11:22.487 [main] INFO org.springframework.test.context.support.AnnotationConfigContextLoaderUtils -- Could not detect default configuration classes for test class [com.example.inventory_service.InventoryServiceApplicationTests]: InventoryServiceApplicationTests does not declare any static, non-private, non-final, nested classes annotated with @Configuration.
10:11:22.536 [main] INFO org.springframework.boot.test.context.SpringBootTestContextBootstrapper -- Found @SpringBootConfiguration com.example.inventory_service.InventoryServiceApplication for test class com.example.inventory_service.InventoryServiceApplicationTests

  .   ____          _            __ _ _
 /\\ / ___'_ __ _ _(_)_ __  __ _ \ \ \ \
( ( )\___ | '_ | '_| | '_ \/ _` | \ \ \ \
 \\/  ___)| |_)| | | | | || (_| |  ) ) ) )
  '  |____| .__|_| |_|_| |_\__, | / / / /
 =========|_|==============|___/=/_/_/_/

 :: Spring Boot ::                (v3.5.4)

2025-08-19T10:11:22.702-03:00  INFO 4270 --- [inventory-service] [           main] c.e.i.InventoryServiceApplicationTests   : Starting InventoryServiceApplicationTests using Java 23.0.2 with PID 4270 (started by andrereginatto in /Users/andrereginatto/Desktop/projects/Spring-Microservices-Ticket-Booking-System)
2025-08-19T10:11:22.703-03:00 DEBUG 4270 --- [inventory-service] [           main] c.e.i.InventoryServiceApplicationTests   : Running with Spring Boot v3.5.4, Spring v6.2.9
2025-08-19T10:11:22.703-03:00  INFO 4270 --- [inventory-service] [           main] c.e.i.InventoryServiceApplicationTests   : No active profile set, falling back to 1 default profile: "default"
2025-08-19T10:11:22.703-03:00 DEBUG 4270 --- [inventory-service] [           main] o.s.boot.SpringApplication               : Loading source class com.example.inventory_service.InventoryServiceApplication
2025-08-19T10:11:22.715-03:00 DEBUG 4270 --- [inventory-service] [           main] o.s.w.c.s.GenericWebApplicationContext   : Refreshing org.springframework.web.context.support.GenericWebApplicationContext@55a8dc49
2025-08-19T10:11:22.723-03:00 DEBUG 4270 --- [inventory-service] [           main] o.s.b.f.s.DefaultListableBeanFactory     : Creating shared instance of singleton bean 'org.springframework.context.annotation.internalConfigurationAnnotationProcessor'
2025-08-19T10:11:22.729-03:00 DEBUG 4270 --- [inventory-service] [           main] o.s.b.f.s.DefaultListableBeanFactory     : Creating shared instance of singleton bean 'org.springframework.boot.autoconfigure.internalCachingMetadataReaderFactory'
2025-08-19T10:11:22.747-03:00 DEBUG 4270 --- [inventory-service] [           main] o.s.c.a.ClassPathBeanDefinitionScanner   : Identified candidate component class: file [/Users/andrereginatto/Desktop/projects/Spring-Microservices-Ticket-Booking-System/target/classes/com/example/inventory_service/controllers/InventoryController.class]
2025-08-19T10:11:22.748-03:00 DEBUG 4270 --- [inventory-service] [           main] o.s.c.a.ClassPathBeanDefinitionScanner   : Ignored because not a concrete top-level class: file [/Users/andrereginatto/Desktop/projects/Spring-Microservices-Ticket-Booking-System/target/classes/com/example/inventory_service/repositories/VenueRepository.class]
2025-08-19T10:11:22.750-03:00 DEBUG 4270 --- [inventory-service] [           main] o.s.c.a.ClassPathBeanDefinitionScanner   : Identified candidate component class: file [/Users/andrereginatto/Desktop/projects/Spring-Microservices-Ticket-Booking-System/target/classes/com/example/inventory_service/services/InventoryService.class]
2025-08-19T10:11:22.950-03:00  INFO 4270 --- [inventory-service] [           main] .s.d.r.c.RepositoryConfigurationDelegate : Bootstrapping Spring Data JPA repositories in DEFAULT mode.
2025-08-19T10:11:22.954-03:00 DEBUG 4270 --- [inventory-service] [           main] o.s.b.f.s.DefaultListableBeanFactory     : Creating shared instance of singleton bean 'org.springframework.boot.autoconfigure.AutoConfigurationPackages'
2025-08-19T10:11:22.958-03:00 DEBUG 4270 --- [inventory-service] [           main] o.s.b.a.AutoConfigurationPackages        : @EnableAutoConfiguration was declared on a class in the package 'com.example.inventory_service'. Automatic @Repository and @Entity scanning is enabled.
2025-08-19T10:11:22.958-03:00 DEBUG 4270 --- [inventory-service] [           main] .s.d.r.c.RepositoryConfigurationDelegate : Scanning for JPA repositories in packages com.example.inventory_service.
2025-08-19T10:11:22.962-03:00 DEBUG 4270 --- [inventory-service] [           main] o.s.d.r.c.RepositoryComponentProvider    : Identified candidate component class: file [/Users/andrereginatto/Desktop/projects/Spring-Microservices-Ticket-Booking-System/target/classes/com/example/inventory_service/repositories/EventRepository.class]
2025-08-19T10:11:22.962-03:00 DEBUG 4270 --- [inventory-service] [           main] o.s.d.r.c.RepositoryComponentProvider    : Identified candidate component class: file [/Users/andrereginatto/Desktop/projects/Spring-Microservices-Ticket-Booking-System/target/classes/com/example/inventory_service/repositories/VenueRepository.class]
2025-08-19T10:11:22.975-03:00  INFO 4270 --- [inventory-service] [           main] .s.d.r.c.RepositoryConfigurationDelegate : Finished Spring Data repository scanning in 16 ms. Found 2 JPA repository interfaces.
2025-08-19T10:11:23.021-03:00 DEBUG 4270 --- [inventory-service] [           main] o.s.b.f.s.DefaultListableBeanFactory     : Creating shared instance of singleton bean 'propertySourcesPlaceholderConfigurer'
2025-08-19T10:11:23.024-03:00 DEBUG 4270 --- [inventory-service] [           main] o.s.b.f.s.DefaultListableBeanFactory     : Creating shared instance of singleton bean 'org.springframework.boot.test.mock.mockito.MockitoPostProcessor'
2025-08-19T10:11:23.024-03:00 DEBUG 4270 --- [inventory-service] [           main] o.s.b.f.s.DefaultListableBeanFactory     : Creating shared instance of singleton bean 'emBeanDefinitionRegistrarPostProcessor'
2025-08-19T10:11:23.024-03:00 DEBUG 4270 --- [inventory-service] [           main] o.s.b.f.s.DefaultListableBeanFactory     : Creating shared instance of singleton bean 'org.springframework.boot.sql.init.dependency.DatabaseInitializationDependencyConfigurer$DependsOnDatabaseInitializationPostProcessor'
2025-08-19T10:11:23.041-03:00 DEBUG 4270 --- [inventory-service] [           main] o.s.b.f.s.DefaultListableBeanFactory     : Creating shared instance of singleton bean 'org.springframework.context.event.internalEventListenerProcessor'
2025-08-19T10:11:23.042-03:00 DEBUG 4270 --- [inventory-service] [           main] o.s.b.f.s.DefaultListableBeanFactory     : Creating shared instance of singleton bean 'bootstrapExecutorAliasPostProcessor'
2025-08-19T10:11:23.042-03:00 DEBUG 4270 --- [inventory-service] [           main] o.s.b.f.s.DefaultListableBeanFactory     : Creating shared instance of singleton bean 'preserveErrorControllerTargetClassPostProcessor'
2025-08-19T10:11:23.042-03:00 DEBUG 4270 --- [inventory-service] [           main] o.s.b.f.s.DefaultListableBeanFactory     : Creating shared instance of singleton bean 'org.springframework.context.event.internalEventListenerFactory'
2025-08-19T10:11:23.042-03:00 DEBUG 4270 --- [inventory-service] [           main] o.s.b.f.s.DefaultListableBeanFactory     : Creating shared instance of singleton bean 'org.springframework.transaction.config.internalTransactionalEventListenerFactory'
2025-08-19T10:11:23.044-03:00 DEBUG 4270 --- [inventory-service] [           main] o.s.b.f.s.DefaultListableBeanFactory     : Creating shared instance of singleton bean 'org.springframework.boot.test.mock.mockito.MockitoPostProcessor$SpyPostProcessor'
2025-08-19T10:11:23.044-03:00 DEBUG 4270 --- [inventory-service] [           main] o.s.b.f.s.DefaultListableBeanFactory     : Creating shared instance of singleton bean 'org.springframework.context.annotation.internalAutowiredAnnotationProcessor'
2025-08-19T10:11:23.045-03:00 DEBUG 4270 --- [inventory-service] [           main] o.s.b.f.s.DefaultListableBeanFactory     : Creating shared instance of singleton bean 'org.springframework.context.annotation.internalCommonAnnotationProcessor'
2025-08-19T10:11:23.046-03:00 DEBUG 4270 --- [inventory-service] [           main] o.s.b.f.s.DefaultListableBeanFactory     : Creating shared instance of singleton bean 'org.springframework.context.annotation.internalPersistenceAnnotationProcessor'
2025-08-19T10:11:23.046-03:00 DEBUG 4270 --- [inventory-service] [           main] o.s.b.f.s.DefaultListableBeanFactory     : Creating shared instance of singleton bean 'org.springframework.boot.context.properties.ConfigurationPropertiesBindingPostProcessor'
2025-08-19T10:11:23.046-03:00 DEBUG 4270 --- [inventory-service] [           main] o.s.b.f.s.DefaultListableBeanFactory     : Creating shared instance of singleton bean 'org.springframework.boot.context.internalConfigurationPropertiesBinder'
2025-08-19T10:11:23.047-03:00 DEBUG 4270 --- [inventory-service] [           main] o.s.b.f.s.DefaultListableBeanFactory     : Creating shared instance of singleton bean 'jdbcConnectionDetailsHikariBeanPostProcessor'
2025-08-19T10:11:23.048-03:00 DEBUG 4270 --- [inventory-service] [           main] o.s.b.f.s.DefaultListableBeanFactory     : Creating shared instance of singleton bean 'org.springframework.aop.config.internalAutoProxyCreator'
2025-08-19T10:11:23.056-03:00 DEBUG 4270 --- [inventory-service] [           main] o.s.b.f.s.DefaultListableBeanFactory     : Creating shared instance of singleton bean 'persistenceExceptionTranslationPostProcessor'
2025-08-19T10:11:23.057-03:00 DEBUG 4270 --- [inventory-service] [           main] o.s.b.f.s.DefaultListableBeanFactory     : Autowiring by type from bean name 'persistenceExceptionTranslationPostProcessor' via factory method to bean named 'environment'
2025-08-19T10:11:23.058-03:00 DEBUG 4270 --- [inventory-service] [           main] o.s.b.f.s.DefaultListableBeanFactory     : Creating shared instance of singleton bean 'webServerFactoryCustomizerBeanPostProcessor'
2025-08-19T10:11:23.058-03:00 DEBUG 4270 --- [inventory-service] [           main] o.s.b.f.s.DefaultListableBeanFactory     : Creating shared instance of singleton bean 'errorPageRegistrarBeanPostProcessor'
2025-08-19T10:11:23.058-03:00 DEBUG 4270 --- [inventory-service] [           main] o.s.b.f.s.DefaultListableBeanFactory     : Creating shared instance of singleton bean 'projectingArgumentResolverBeanPostProcessor'
2025-08-19T10:11:23.059-03:00 DEBUG 4270 --- [inventory-service] [           main] o.s.b.f.s.DefaultListableBeanFactory     : Creating shared instance of singleton bean 'org.springframework.transaction.config.internalTransactionAdvisor'
2025-08-19T10:11:23.059-03:00 DEBUG 4270 --- [inventory-service] [           main] o.s.b.f.s.DefaultListableBeanFactory     : Creating shared instance of singleton bean 'org.springframework.transaction.annotation.ProxyTransactionManagementConfiguration'
2025-08-19T10:11:23.067-03:00 DEBUG 4270 --- [inventory-service] [           main] o.s.b.f.s.DefaultListableBeanFactory     : Creating shared instance of singleton bean 'transactionAttributeSource'
2025-08-19T10:11:23.068-03:00 DEBUG 4270 --- [inventory-service] [           main] o.s.b.f.s.DefaultListableBeanFactory     : Creating shared instance of singleton bean 'transactionInterceptor'
2025-08-19T10:11:23.068-03:00 DEBUG 4270 --- [inventory-service] [           main] o.s.b.f.s.DefaultListableBeanFactory     : Autowiring by type from bean name 'transactionInterceptor' via factory method to bean named 'transactionAttributeSource'
2025-08-19T10:11:23.070-03:00 DEBUG 4270 --- [inventory-service] [           main] o.s.b.f.s.DefaultListableBeanFactory     : Autowiring by type from bean name 'org.springframework.transaction.config.internalTransactionAdvisor' via factory method to bean named 'transactionAttributeSource'
2025-08-19T10:11:23.070-03:00 DEBUG 4270 --- [inventory-service] [           main] o.s.b.f.s.DefaultListableBeanFactory     : Autowiring by type from bean name 'org.springframework.transaction.config.internalTransactionAdvisor' via factory method to bean named 'transactionInterceptor'
2025-08-19T10:11:23.077-03:00 DEBUG 4270 --- [inventory-service] [           main] o.s.u.c.s.UiApplicationContextUtils      : Unable to locate ThemeSource with name 'themeSource': using default [org.springframework.ui.context.support.ResourceBundleThemeSource@1f1cddf3]
2025-08-19T10:11:23.077-03:00 DEBUG 4270 --- [inventory-service] [           main] o.s.b.f.s.DefaultListableBeanFactory     : Creating shared instance of singleton bean 'applicationTaskExecutor'
2025-08-19T10:11:23.077-03:00 DEBUG 4270 --- [inventory-service] [           main] o.s.b.f.s.DefaultListableBeanFactory     : Creating shared instance of singleton bean 'org.springframework.boot.autoconfigure.task.TaskExecutorConfigurations$TaskExecutorConfiguration'
2025-08-19T10:11:23.078-03:00 DEBUG 4270 --- [inventory-service] [           main] o.s.b.f.s.DefaultListableBeanFactory     : Creating shared instance of singleton bean 'threadPoolTaskExecutorBuilder'
2025-08-19T10:11:23.078-03:00 DEBUG 4270 --- [inventory-service] [           main] o.s.b.f.s.DefaultListableBeanFactory     : Creating shared instance of singleton bean 'org.springframework.boot.autoconfigure.task.TaskExecutorConfigurations$ThreadPoolTaskExecutorBuilderConfiguration'
2025-08-19T10:11:23.079-03:00 DEBUG 4270 --- [inventory-service] [           main] o.s.b.f.s.DefaultListableBeanFactory     : Creating shared instance of singleton bean 'spring.task.execution-org.springframework.boot.autoconfigure.task.TaskExecutionProperties'
2025-08-19T10:11:23.079-03:00 DEBUG 4270 --- [inventory-service] [           main] o.s.b.f.s.DefaultListableBeanFactory     : Creating shared instance of singleton bean 'org.springframework.boot.context.properties.BoundConfigurationProperties'
2025-08-19T10:11:23.081-03:00 DEBUG 4270 --- [inventory-service] [           main] o.s.b.f.s.DefaultListableBeanFactory     : Creating shared instance of singleton bean 'stringOrNumberMigrationVersionConverter'
2025-08-19T10:11:23.083-03:00 DEBUG 4270 --- [inventory-service] [           main] o.s.b.f.s.DefaultListableBeanFactory     : Autowiring by type from bean name 'threadPoolTaskExecutorBuilder' via factory method to bean named 'spring.task.execution-org.springframework.boot.autoconfigure.task.TaskExecutionProperties'
2025-08-19T10:11:23.085-03:00 DEBUG 4270 --- [inventory-service] [           main] o.s.b.f.s.DefaultListableBeanFactory     : Autowiring by type from bean name 'applicationTaskExecutor' via factory method to bean named 'threadPoolTaskExecutorBuilder'
2025-08-19T10:11:23.087-03:00 DEBUG 4270 --- [inventory-service] [           main] o.s.s.concurrent.ThreadPoolTaskExecutor  : Initializing ExecutorService 'applicationTaskExecutor'
2025-08-19T10:11:23.090-03:00 DEBUG 4270 --- [inventory-service] [           main] o.s.b.f.s.DefaultListableBeanFactory     : Creating shared instance of singleton bean 'org.springframework.test.context.support.internalDynamicPropertyRegistrarBeanInitializer'
2025-08-19T10:11:23.091-03:00 DEBUG 4270 --- [inventory-service] [           main] o.s.b.f.s.DefaultListableBeanFactory     : Creating shared instance of singleton bean 'flyway'
2025-08-19T10:11:23.091-03:00 DEBUG 4270 --- [inventory-service] [           main] o.s.b.f.s.DefaultListableBeanFactory     : Creating shared instance of singleton bean 'org.springframework.boot.autoconfigure.flyway.FlywayAutoConfiguration$FlywayConfiguration'
2025-08-19T10:11:23.091-03:00 DEBUG 4270 --- [inventory-service] [           main] o.s.b.f.s.DefaultListableBeanFactory     : Creating shared instance of singleton bean 'spring.flyway-org.springframework.boot.autoconfigure.flyway.FlywayProperties'
2025-08-19T10:11:23.096-03:00 DEBUG 4270 --- [inventory-service] [           main] o.s.b.f.s.DefaultListableBeanFactory     : Autowiring by type from bean name 'org.springframework.boot.autoconfigure.flyway.FlywayAutoConfiguration$FlywayConfiguration' via constructor to bean named 'spring.flyway-org.springframework.boot.autoconfigure.flyway.FlywayProperties'
2025-08-19T10:11:23.098-03:00 DEBUG 4270 --- [inventory-service] [           main] o.s.b.f.s.DefaultListableBeanFactory     : Creating shared instance of singleton bean 'flywayConnectionDetails'
2025-08-19T10:11:23.098-03:00 DEBUG 4270 --- [inventory-service] [           main] o.s.b.f.s.DefaultListableBeanFactory     : Creating shared instance of singleton bean 'resourceProviderCustomizer'
2025-08-19T10:11:23.098-03:00 DEBUG 4270 --- [inventory-service] [           main] o.s.b.f.s.DefaultListableBeanFactory     : Autowiring by type from bean name 'flyway' via factory method to bean named 'flywayConnectionDetails'
2025-08-19T10:11:23.099-03:00 DEBUG 4270 --- [inventory-service] [           main] o.s.b.f.s.DefaultListableBeanFactory     : Autowiring by type from bean name 'flyway' via factory method to bean named 'org.springframework.web.context.support.GenericWebApplicationContext@55a8dc49'
2025-08-19T10:11:23.099-03:00 DEBUG 4270 --- [inventory-service] [           main] o.s.b.f.s.DefaultListableBeanFactory     : Autowiring by type from bean name 'flyway' via factory method to bean named 'resourceProviderCustomizer'
2025-08-19T10:11:23.104-03:00 DEBUG 4270 --- [inventory-service] [           main] o.s.b.f.s.DefaultListableBeanFactory     : Creating shared instance of singleton bean 'dataSource'
2025-08-19T10:11:23.104-03:00 DEBUG 4270 --- [inventory-service] [           main] o.s.b.f.s.DefaultListableBeanFactory     : Creating shared instance of singleton bean 'org.springframework.boot.autoconfigure.jdbc.DataSourceConfiguration$Hikari'
2025-08-19T10:11:23.104-03:00 DEBUG 4270 --- [inventory-service] [           main] o.s.b.f.s.DefaultListableBeanFactory     : Creating shared instance of singleton bean 'spring.datasource-org.springframework.boot.autoconfigure.jdbc.DataSourceProperties'
2025-08-19T10:11:23.107-03:00 DEBUG 4270 --- [inventory-service] [           main] o.s.b.f.s.DefaultListableBeanFactory     : Creating shared instance of singleton bean 'jdbcConnectionDetails'
2025-08-19T10:11:23.107-03:00 DEBUG 4270 --- [inventory-service] [           main] o.s.b.f.s.DefaultListableBeanFactory     : Creating shared instance of singleton bean 'org.springframework.boot.autoconfigure.jdbc.DataSourceAutoConfiguration$PooledDataSourceConfiguration'
2025-08-19T10:11:23.107-03:00 DEBUG 4270 --- [inventory-service] [           main] o.s.b.f.s.DefaultListableBeanFactory     : Autowiring by type from bean name 'jdbcConnectionDetails' via factory method to bean named 'spring.datasource-org.springframework.boot.autoconfigure.jdbc.DataSourceProperties'
2025-08-19T10:11:23.108-03:00 DEBUG 4270 --- [inventory-service] [           main] o.s.b.f.s.DefaultListableBeanFactory     : Autowiring by type from bean name 'dataSource' via factory method to bean named 'spring.datasource-org.springframework.boot.autoconfigure.jdbc.DataSourceProperties'
2025-08-19T10:11:23.108-03:00 DEBUG 4270 --- [inventory-service] [           main] o.s.b.f.s.DefaultListableBeanFactory     : Autowiring by type from bean name 'dataSource' via factory method to bean named 'jdbcConnectionDetails'
2025-08-19T10:11:23.108-03:00 DEBUG 4270 --- [inventory-service] [           main] o.s.b.f.s.DefaultListableBeanFactory     : Autowiring by type from bean name 'dataSource' via factory method to bean named 'environment'
2025-08-19T10:11:23.110-03:00 DEBUG 4270 --- [inventory-service] [           main] com.zaxxer.hikari.HikariConfig           : Class com.mysql.cj.jdbc.Driver found in Thread context class loader jdk.internal.loader.ClassLoaders$AppClassLoader@18ff02e4
2025-08-19T10:11:23.165-03:00 DEBUG 4270 --- [inventory-service] [           main] o.s.b.f.s.DefaultListableBeanFactory     : Creating shared instance of singleton bean 'flywayInitializer'
2025-08-19T10:11:23.165-03:00 DEBUG 4270 --- [inventory-service] [           main] o.s.b.f.s.DefaultListableBeanFactory     : Autowiring by type from bean name 'flywayInitializer' via factory method to bean named 'flyway'
2025-08-19T10:11:23.167-03:00 DEBUG 4270 --- [inventory-service] [           main] o.f.c.i.s.classpath.ClassPathScanner     : Scanning for classpath resources at 'classpath:db/callback' ...
2025-08-19T10:11:23.168-03:00 DEBUG 4270 --- [inventory-service] [           main] o.f.c.i.s.classpath.ClassPathScanner     : Determining location urls for classpath:db/callback using ClassLoader jdk.internal.loader.ClassLoaders$AppClassLoader@18ff02e4 ...
2025-08-19T10:11:23.168-03:00 DEBUG 4270 --- [inventory-service] [           main] o.f.c.i.s.classpath.ClassPathScanner     : Unable to resolve location classpath:db/callback.
2025-08-19T10:11:23.168-03:00 DEBUG 4270 --- [inventory-service] [           main] o.f.c.i.s.classpath.ClassPathScanner     : Scanning for classpath resources at 'classpath:db/migration' ...
2025-08-19T10:11:23.168-03:00 DEBUG 4270 --- [inventory-service] [           main] o.f.c.i.s.classpath.ClassPathScanner     : Determining location urls for classpath:db/migration using ClassLoader jdk.internal.loader.ClassLoaders$AppClassLoader@18ff02e4 ...
2025-08-19T10:11:23.168-03:00 DEBUG 4270 --- [inventory-service] [           main] o.f.c.i.s.classpath.ClassPathScanner     : Scanning URL: file:/Users/andrereginatto/Desktop/projects/Spring-Microservices-Ticket-Booking-System/target/classes/db/migration
2025-08-19T10:11:23.168-03:00 DEBUG 4270 --- [inventory-service] [           main] i.s.c.FileSystemClassPathLocationScanner : Scanning starting at classpath root in filesystem: /Users/andrereginatto/Desktop/projects/Spring-Microservices-Ticket-Booking-System/target/classes/
2025-08-19T10:11:23.168-03:00 DEBUG 4270 --- [inventory-service] [           main] i.s.c.FileSystemClassPathLocationScanner : Scanning for resources in path: /Users/andrereginatto/Desktop/projects/Spring-Microservices-Ticket-Booking-System/target/classes/db/migration (db/migration)
2025-08-19T10:11:23.169-03:00 DEBUG 4270 --- [inventory-service] [           main] o.f.c.i.s.classpath.ClassPathScanner     : Found resource: db/migration/V1__init.sql
2025-08-19T10:11:23.169-03:00 DEBUG 4270 --- [inventory-service] [           main] o.f.c.i.s.classpath.ClassPathScanner     : Scanning for classes at classpath:db/migration
2025-08-19T10:11:23.170-03:00 DEBUG 4270 --- [inventory-service] [           main] com.zaxxer.hikari.HikariConfig           : HikariPool-1 - configuration:
2025-08-19T10:11:23.171-03:00 DEBUG 4270 --- [inventory-service] [           main] com.zaxxer.hikari.HikariConfig           : allowPoolSuspension.............false
2025-08-19T10:11:23.171-03:00 DEBUG 4270 --- [inventory-service] [           main] com.zaxxer.hikari.HikariConfig           : autoCommit......................true
2025-08-19T10:11:23.171-03:00 DEBUG 4270 --- [inventory-service] [           main] com.zaxxer.hikari.HikariConfig           : catalog.........................none
2025-08-19T10:11:23.171-03:00 DEBUG 4270 --- [inventory-service] [           main] com.zaxxer.hikari.HikariConfig           : connectionInitSql...............none
2025-08-19T10:11:23.171-03:00 DEBUG 4270 --- [inventory-service] [           main] com.zaxxer.hikari.HikariConfig           : connectionTestQuery.............none
2025-08-19T10:11:23.172-03:00 DEBUG 4270 --- [inventory-service] [           main] com.zaxxer.hikari.HikariConfig           : connectionTimeout...............30000
2025-08-19T10:11:23.172-03:00 DEBUG 4270 --- [inventory-service] [           main] com.zaxxer.hikari.HikariConfig           : credentials.....................com.zaxxer.hikari.util.Credentials@51da32e5
2025-08-19T10:11:23.172-03:00 DEBUG 4270 --- [inventory-service] [           main] com.zaxxer.hikari.HikariConfig           : dataSource......................none
2025-08-19T10:11:23.172-03:00 DEBUG 4270 --- [inventory-service] [           main] com.zaxxer.hikari.HikariConfig           : dataSourceClassName.............none
2025-08-19T10:11:23.172-03:00 DEBUG 4270 --- [inventory-service] [           main] com.zaxxer.hikari.HikariConfig           : dataSourceJNDI..................none
2025-08-19T10:11:23.172-03:00 DEBUG 4270 --- [inventory-service] [           main] com.zaxxer.hikari.HikariConfig           : dataSourceProperties............{password=<masked>}
2025-08-19T10:11:23.172-03:00 DEBUG 4270 --- [inventory-service] [           main] com.zaxxer.hikari.HikariConfig           : driverClassName................."com.mysql.cj.jdbc.Driver"
2025-08-19T10:11:23.172-03:00 DEBUG 4270 --- [inventory-service] [           main] com.zaxxer.hikari.HikariConfig           : exceptionOverride...............none
2025-08-19T10:11:23.172-03:00 DEBUG 4270 --- [inventory-service] [           main] com.zaxxer.hikari.HikariConfig           : exceptionOverrideClassName......none
2025-08-19T10:11:23.172-03:00 DEBUG 4270 --- [inventory-service] [           main] com.zaxxer.hikari.HikariConfig           : healthCheckProperties...........{}
2025-08-19T10:11:23.172-03:00 DEBUG 4270 --- [inventory-service] [           main] com.zaxxer.hikari.HikariConfig           : healthCheckRegistry.............none
2025-08-19T10:11:23.172-03:00 DEBUG 4270 --- [inventory-service] [           main] com.zaxxer.hikari.HikariConfig           : idleTimeout.....................600000
2025-08-19T10:11:23.173-03:00 DEBUG 4270 --- [inventory-service] [           main] com.zaxxer.hikari.HikariConfig           : initializationFailTimeout.......1
2025-08-19T10:11:23.173-03:00 DEBUG 4270 --- [inventory-service] [           main] com.zaxxer.hikari.HikariConfig           : isolateInternalQueries..........false
2025-08-19T10:11:23.173-03:00 DEBUG 4270 --- [inventory-service] [           main] com.zaxxer.hikari.HikariConfig           : jdbcUrl.........................jdbc:mysql://localhost:3306/ticketing
2025-08-19T10:11:23.173-03:00 DEBUG 4270 --- [inventory-service] [           main] com.zaxxer.hikari.HikariConfig           : keepaliveTime...................120000
2025-08-19T10:11:23.173-03:00 DEBUG 4270 --- [inventory-service] [           main] com.zaxxer.hikari.HikariConfig           : leakDetectionThreshold..........0
2025-08-19T10:11:23.173-03:00 DEBUG 4270 --- [inventory-service] [           main] com.zaxxer.hikari.HikariConfig           : maxLifetime.....................1800000
2025-08-19T10:11:23.173-03:00 DEBUG 4270 --- [inventory-service] [           main] com.zaxxer.hikari.HikariConfig           : maximumPoolSize.................10
2025-08-19T10:11:23.173-03:00 DEBUG 4270 --- [inventory-service] [           main] com.zaxxer.hikari.HikariConfig           : metricRegistry..................none
2025-08-19T10:11:23.173-03:00 DEBUG 4270 --- [inventory-service] [           main] com.zaxxer.hikari.HikariConfig           : metricsTrackerFactory...........none
2025-08-19T10:11:23.173-03:00 DEBUG 4270 --- [inventory-service] [           main] com.zaxxer.hikari.HikariConfig           : minimumIdle.....................10
2025-08-19T10:11:23.173-03:00 DEBUG 4270 --- [inventory-service] [           main] com.zaxxer.hikari.HikariConfig           : password........................<masked>
2025-08-19T10:11:23.173-03:00 DEBUG 4270 --- [inventory-service] [           main] com.zaxxer.hikari.HikariConfig           : poolName........................"HikariPool-1"
2025-08-19T10:11:23.173-03:00 DEBUG 4270 --- [inventory-service] [           main] com.zaxxer.hikari.HikariConfig           : readOnly........................false
2025-08-19T10:11:23.173-03:00 DEBUG 4270 --- [inventory-service] [           main] com.zaxxer.hikari.HikariConfig           : registerMbeans..................false
2025-08-19T10:11:23.173-03:00 DEBUG 4270 --- [inventory-service] [           main] com.zaxxer.hikari.HikariConfig           : scheduledExecutor...............none
2025-08-19T10:11:23.173-03:00 DEBUG 4270 --- [inventory-service] [           main] com.zaxxer.hikari.HikariConfig           : schema..........................none
2025-08-19T10:11:23.174-03:00 DEBUG 4270 --- [inventory-service] [           main] com.zaxxer.hikari.HikariConfig           : threadFactory...................internal
2025-08-19T10:11:23.174-03:00 DEBUG 4270 --- [inventory-service] [           main] com.zaxxer.hikari.HikariConfig           : transactionIsolation............default
2025-08-19T10:11:23.174-03:00 DEBUG 4270 --- [inventory-service] [           main] com.zaxxer.hikari.HikariConfig           : username........................"root"
2025-08-19T10:11:23.174-03:00 DEBUG 4270 --- [inventory-service] [           main] com.zaxxer.hikari.HikariConfig           : validationTimeout...............5000
2025-08-19T10:11:23.174-03:00  INFO 4270 --- [inventory-service] [           main] com.zaxxer.hikari.HikariDataSource       : HikariPool-1 - Starting...
2025-08-19T10:11:23.183-03:00 DEBUG 4270 --- [inventory-service] [           main] com.zaxxer.hikari.pool.PoolBase          : HikariPool-1 - Attempting to create/setup new connection (3fa2473e-91dc-4970-9d7f-553de30e8798)
2025-08-19T10:11:23.358-03:00 DEBUG 4270 --- [inventory-service] [           main] jdk.event.security                       : X509Certificate: Alg:SHA256withRSA, Serial:02, Subject:CN=MySQL_Server_8.3.0_Auto_Generated_Server_Certificate, Issuer:CN=MySQL_Server_8.3.0_Auto_Generated_CA_Certificate, Key type:RSA, Length:2048, Cert Id:2708609608, Valid from:8/19/25, 10:03 AM, Valid until:8/17/35, 10:03 AM
2025-08-19T10:11:23.359-03:00 DEBUG 4270 --- [inventory-service] [           main] jdk.event.security                       : X509Certificate: Alg:SHA256withRSA, Serial:01, Subject:CN=MySQL_Server_8.3.0_Auto_Generated_CA_Certificate, Issuer:CN=MySQL_Server_8.3.0_Auto_Generated_CA_Certificate, Key type:RSA, Length:2048, Cert Id:3154017520, Valid from:8/19/25, 10:03 AM, Valid until:8/17/35, 10:03 AM
2025-08-19T10:11:23.364-03:00 DEBUG 4270 --- [inventory-service] [           main] jdk.event.security                       :  TLSHandshake: localhost:3306, TLSv1.3, TLS_AES_256_GCM_SHA384, 2708609608
2025-08-19T10:11:23.392-03:00 DEBUG 4270 --- [inventory-service] [           main] com.zaxxer.hikari.pool.PoolBase          : HikariPool-1 - Established new connection (3fa2473e-91dc-4970-9d7f-553de30e8798)
2025-08-19T10:11:23.392-03:00  INFO 4270 --- [inventory-service] [           main] com.zaxxer.hikari.pool.HikariPool        : HikariPool-1 - Added connection com.mysql.cj.jdbc.ConnectionImpl@342beaf6
2025-08-19T10:11:23.393-03:00  INFO 4270 --- [inventory-service] [           main] com.zaxxer.hikari.HikariDataSource       : HikariPool-1 - Start completed.
2025-08-19T10:11:23.409-03:00 DEBUG 4270 --- [inventory-service] [           main] o.f.c.i.resource.ResourceNameValidator   : Validating V1__init.sql
2025-08-19T10:11:23.423-03:00  INFO 4270 --- [inventory-service] [           main] org.flywaydb.core.FlywayExecutor         : Database: jdbc:mysql://localhost:3306/ticketing (MySQL 8.3)
2025-08-19T10:11:23.424-03:00 DEBUG 4270 --- [inventory-service] [           main] org.flywaydb.core.FlywayExecutor         : Database Type: MySQL
2025-08-19T10:11:23.424-03:00 DEBUG 4270 --- [inventory-service] [           main] org.flywaydb.core.FlywayExecutor         : Driver: MySQL Connector/J mysql-connector-j-9.3.0 (Revision: 20ef8ee9eb4294a03858acccea0ddad3525f1ff9)
2025-08-19T10:11:23.424-03:00 DEBUG 4270 --- [inventory-service] [           main] org.flywaydb.core.FlywayExecutor         : DDL Transactions Supported: false
2025-08-19T10:11:23.424-03:00 DEBUG 4270 --- [inventory-service] [           main] o.f.c.i.s.SchemaHistoryFactory           : Schemas: 
2025-08-19T10:11:23.424-03:00 DEBUG 4270 --- [inventory-service] [           main] o.f.c.i.s.SchemaHistoryFactory           : Default schema: null
2025-08-19T10:11:23.435-03:00  WARN 4270 --- [inventory-service] [           main] o.f.c.internal.database.base.Database    : Flyway upgrade recommended: MySQL 8.3 is newer than this version of Flyway and support has not been tested. The latest supported version of MySQL is 8.1.
2025-08-19T10:11:23.435-03:00 DEBUG 4270 --- [inventory-service] [           main] org.flywaydb.core.FlywayExecutor         : Scanning for script callbacks ...
2025-08-19T10:11:23.436-03:00 DEBUG 4270 --- [inventory-service] [           main] o.f.c.i.c.SqlScriptCallbackFactory       : Scanning for SQL callbacks ...
2025-08-19T10:11:23.440-03:00 DEBUG 4270 --- [inventory-service] [           main] o.f.core.internal.command.DbValidate     : Validating migrations ...
2025-08-19T10:11:23.442-03:00 DEBUG 4270 --- [inventory-service] [           main] o.f.c.a.c.ClassicConfiguration           : CherryPickConfigurationExtension not found
2025-08-19T10:11:23.444-03:00 DEBUG 4270 --- [inventory-service] [           main] o.f.core.internal.scanner.Scanner        : Filtering out resource: db/migration/V1__init.sql (filename: V1__init.sql)
2025-08-19T10:11:23.445-03:00 DEBUG 4270 --- [inventory-service] [           main] o.f.core.internal.scanner.Scanner        : Filtering out resource: db/migration/V1__init.sql (filename: V1__init.sql)
2025-08-19T10:11:23.445-03:00 DEBUG 4270 --- [inventory-service] [           main] o.f.core.internal.scanner.Scanner        : Filtering out resource: db/migration/V1__init.sql (filename: V1__init.sql)
2025-08-19T10:11:23.445-03:00 DEBUG 4270 --- [inventory-service] [           main] o.f.core.internal.scanner.Scanner        : Filtering out resource: db/migration/V1__init.sql (filename: V1__init.sql)
2025-08-19T10:11:23.450-03:00  INFO 4270 --- [inventory-service] [           main] o.f.c.i.s.JdbcTableSchemaHistory         : Schema history table `ticketing`.`flyway_schema_history` does not exist yet
2025-08-19T10:11:23.453-03:00  INFO 4270 --- [inventory-service] [           main] o.f.core.internal.command.DbValidate     : Successfully validated 1 migration (execution time 00:00.012s)
2025-08-19T10:11:23.456-03:00 DEBUG 4270 --- [inventory-service] [           main] o.f.core.internal.command.DbSchemas      : Skipping creation of existing schema: `ticketing`
2025-08-19T10:11:23.471-03:00  INFO 4270 --- [inventory-service] [           main] o.f.c.i.s.JdbcTableSchemaHistory         : Creating Schema History table `ticketing`.`flyway_schema_history` ...
2025-08-19T10:11:23.473-03:00 DEBUG 4270 --- [inventory-service] [           main] o.flywaydb.core.internal.parser.Parser   : Parsing  ...
2025-08-19T10:11:23.478-03:00 DEBUG 4270 --- [inventory-service] [           main] o.f.c.i.sqlscript.ParserSqlScript        : Found statement at line 1: CREATE TABLE `ticketing`.`flyway_schema_history` (
    `installed_rank` INT NOT NULL,
    `version` VARCHAR(50),
    `description` VARCHAR(200) NOT NULL,
    `type` VARCHAR(20) NOT NULL,
    `script` VARCHAR(1000) NOT NULL,
    `checksum` INT,
    `installed_by` VARCHAR(100) NOT NULL,
    `installed_on` TIMESTAMP NOT NULL DEFAULT CURRENT_TIMESTAMP,
    `execution_time` INT NOT NULL,
    `success` BOOL NOT NULL,
    CONSTRAINT `flyway_schema_history_pk` PRIMARY KEY (`installed_rank`)
)
2025-08-19T10:11:23.478-03:00 DEBUG 4270 --- [inventory-service] [           main] o.f.c.i.sqlscript.ParserSqlScript        : Found statement at line 14: CREATE INDEX `flyway_schema_history_s_idx` ON `ticketing`.`flyway_schema_history` (`success`)
2025-08-19T10:11:23.479-03:00 DEBUG 4270 --- [inventory-service] [           main] o.f.c.i.s.DefaultSqlScriptExecutor       : Executing SQL: CREATE TABLE `ticketing`.`flyway_schema_history` (
    `installed_rank` INT NOT NULL,
    `version` VARCHAR(50),
    `description` VARCHAR(200) NOT NULL,
    `type` VARCHAR(20) NOT NULL,
    `script` VARCHAR(1000) NOT NULL,
    `checksum` INT,
    `installed_by` VARCHAR(100) NOT NULL,
    `installed_on` TIMESTAMP NOT NULL DEFAULT CURRENT_TIMESTAMP,
    `execution_time` INT NOT NULL,
    `success` BOOL NOT NULL,
    CONSTRAINT `flyway_schema_history_pk` PRIMARY KEY (`installed_rank`)
)
2025-08-19T10:11:23.493-03:00 DEBUG 4270 --- [inventory-service] [l-1:housekeeper] com.zaxxer.hikari.pool.HikariPool        : HikariPool-1 - Pool stats (total=1/10, idle=0/10, active=1, waiting=0)
2025-08-19T10:11:23.494-03:00 DEBUG 4270 --- [inventory-service] [onnection-adder] com.zaxxer.hikari.pool.PoolBase          : HikariPool-1 - Attempting to create/setup new connection (a65bb40b-a32e-429e-a7c4-4ba61dfe9c24)
2025-08-19T10:11:23.498-03:00 DEBUG 4270 --- [inventory-service] [           main] o.f.c.i.s.DefaultSqlScriptExecutor       : 0 rows affected
2025-08-19T10:11:23.498-03:00 DEBUG 4270 --- [inventory-service] [           main] o.f.c.i.s.DefaultSqlScriptExecutor       : Executing SQL: CREATE INDEX `flyway_schema_history_s_idx` ON `ticketing`.`flyway_schema_history` (`success`)
2025-08-19T10:11:23.501-03:00 DEBUG 4270 --- [inventory-service] [onnection-adder] jdk.event.security                       : X509Certificate: Alg:SHA256withRSA, Serial:02, Subject:CN=MySQL_Server_8.3.0_Auto_Generated_Server_Certificate, Issuer:CN=MySQL_Server_8.3.0_Auto_Generated_CA_Certificate, Key type:RSA, Length:2048, Cert Id:2708609608, Valid from:8/19/25, 10:03 AM, Valid until:8/17/35, 10:03 AM
2025-08-19T10:11:23.502-03:00 DEBUG 4270 --- [inventory-service] [onnection-adder] jdk.event.security                       : X509Certificate: Alg:SHA256withRSA, Serial:01, Subject:CN=MySQL_Server_8.3.0_Auto_Generated_CA_Certificate, Issuer:CN=MySQL_Server_8.3.0_Auto_Generated_CA_Certificate, Key type:RSA, Length:2048, Cert Id:3154017520, Valid from:8/19/25, 10:03 AM, Valid until:8/17/35, 10:03 AM
2025-08-19T10:11:23.506-03:00 DEBUG 4270 --- [inventory-service] [onnection-adder] jdk.event.security                       :  TLSHandshake: localhost:3306, TLSv1.3, TLS_AES_256_GCM_SHA384, 2708609608
2025-08-19T10:11:23.509-03:00 DEBUG 4270 --- [inventory-service] [onnection-adder] com.zaxxer.hikari.pool.PoolBase          : HikariPool-1 - Established new connection (a65bb40b-a32e-429e-a7c4-4ba61dfe9c24)
2025-08-19T10:11:23.510-03:00 DEBUG 4270 --- [inventory-service] [onnection-adder] com.zaxxer.hikari.pool.HikariPool        : HikariPool-1 - Added connection com.mysql.cj.jdbc.ConnectionImpl@4db1beb
2025-08-19T10:11:23.516-03:00 DEBUG 4270 --- [inventory-service] [           main] o.f.c.i.s.DefaultSqlScriptExecutor       : 0 rows affected
2025-08-19T10:11:23.516-03:00 DEBUG 4270 --- [inventory-service] [           main] o.f.c.i.s.JdbcTableSchemaHistory         : Created Schema History table `ticketing`.`flyway_schema_history`
2025-08-19T10:11:23.523-03:00 DEBUG 4270 --- [inventory-service] [           main] o.f.c.a.c.ClassicConfiguration           : CherryPickConfigurationExtension not found
2025-08-19T10:11:23.529-03:00  INFO 4270 --- [inventory-service] [           main] o.f.core.internal.command.DbMigrate      : Current version of schema `ticketing`: << Empty Schema >>
2025-08-19T10:11:23.530-03:00 DEBUG 4270 --- [inventory-service] [           main] o.flywaydb.core.internal.parser.Parser   : Parsing V1__init.sql ...
2025-08-19T10:11:23.531-03:00 DEBUG 4270 --- [inventory-service] [           main] o.f.c.i.sqlscript.ParserSqlScript        : Found statement at line 1: CREATE TABLE venue (
    id BIGINT AUTO_INCREMENT PRIMARY KEY,
    name VARCHAR(255) NOT NULL,
    address VARCHAR(255) NOT NULL,
    total_capacity BIGINT NOT NULL
)
2025-08-19T10:11:23.532-03:00 DEBUG 4270 --- [inventory-service] [           main] o.f.c.i.sqlscript.ParserSqlScript        : Found statement at line 8: CREATE TABLE event (
    id BIGINT AUTO_INCREMENT PRIMARY KEY,
    name VARCHAR(255) NOT NULL,
    venue_id BIGINT NOT NULL,
    total_capacity BIGINT NOT NULL,
    left_capacity BIGINT NOT NULL,
    CONSTRAINT fk_event_venue FOREIGN KEY (venue_id) REFERENCES venue(id) ON DELETE CASCADE
)
2025-08-19T10:11:23.533-03:00 DEBUG 4270 --- [inventory-service] [           main] o.f.core.internal.command.DbMigrate      : Starting migration of schema `ticketing` to version "1 - init" ...
2025-08-19T10:11:23.536-03:00  INFO 4270 --- [inventory-service] [           main] o.f.core.internal.command.DbMigrate      : Migrating schema `ticketing` to version "1 - init"
2025-08-19T10:11:23.537-03:00 DEBUG 4270 --- [inventory-service] [           main] o.f.c.i.s.DefaultSqlScriptExecutor       : Executing SQL: CREATE TABLE venue (
    id BIGINT AUTO_INCREMENT PRIMARY KEY,
    name VARCHAR(255) NOT NULL,
    address VARCHAR(255) NOT NULL,
    total_capacity BIGINT NOT NULL
)
2025-08-19T10:11:23.542-03:00 DEBUG 4270 --- [inventory-service] [onnection-adder] com.zaxxer.hikari.pool.HikariPool        : HikariPool-1 - After adding stats (total=2/10, idle=1/10, active=1, waiting=0)
2025-08-19T10:11:23.542-03:00 DEBUG 4270 --- [inventory-service] [onnection-adder] com.zaxxer.hikari.pool.PoolBase          : HikariPool-1 - Attempting to create/setup new connection (b416df86-3cdf-4d78-b74e-874497c4da18)
2025-08-19T10:11:23.546-03:00 DEBUG 4270 --- [inventory-service] [           main] o.f.c.i.s.DefaultSqlScriptExecutor       : 0 rows affected
2025-08-19T10:11:23.546-03:00 DEBUG 4270 --- [inventory-service] [           main] o.f.c.i.s.DefaultSqlScriptExecutor       : Executing SQL: CREATE TABLE event (
    id BIGINT AUTO_INCREMENT PRIMARY KEY,
    name VARCHAR(255) NOT NULL,
    venue_id BIGINT NOT NULL,
    total_capacity BIGINT NOT NULL,
    left_capacity BIGINT NOT NULL,
    CONSTRAINT fk_event_venue FOREIGN KEY (venue_id) REFERENCES venue(id) ON DELETE CASCADE
)
2025-08-19T10:11:23.547-03:00 DEBUG 4270 --- [inventory-service] [onnection-adder] jdk.event.security                       : X509Certificate: Alg:SHA256withRSA, Serial:02, Subject:CN=MySQL_Server_8.3.0_Auto_Generated_Server_Certificate, Issuer:CN=MySQL_Server_8.3.0_Auto_Generated_CA_Certificate, Key type:RSA, Length:2048, Cert Id:2708609608, Valid from:8/19/25, 10:03 AM, Valid until:8/17/35, 10:03 AM
2025-08-19T10:11:23.548-03:00 DEBUG 4270 --- [inventory-service] [onnection-adder] jdk.event.security                       : X509Certificate: Alg:SHA256withRSA, Serial:01, Subject:CN=MySQL_Server_8.3.0_Auto_Generated_CA_Certificate, Issuer:CN=MySQL_Server_8.3.0_Auto_Generated_CA_Certificate, Key type:RSA, Length:2048, Cert Id:3154017520, Valid from:8/19/25, 10:03 AM, Valid until:8/17/35, 10:03 AM
2025-08-19T10:11:23.549-03:00 DEBUG 4270 --- [inventory-service] [onnection-adder] jdk.event.security                       :  TLSHandshake: localhost:3306, TLSv1.3, TLS_AES_256_GCM_SHA384, 2708609608
2025-08-19T10:11:23.552-03:00 DEBUG 4270 --- [inventory-service] [onnection-adder] com.zaxxer.hikari.pool.PoolBase          : HikariPool-1 - Established new connection (b416df86-3cdf-4d78-b74e-874497c4da18)
2025-08-19T10:11:23.552-03:00 DEBUG 4270 --- [inventory-service] [onnection-adder] com.zaxxer.hikari.pool.HikariPool        : HikariPool-1 - Added connection com.mysql.cj.jdbc.ConnectionImpl@28319780
2025-08-19T10:11:23.558-03:00 DEBUG 4270 --- [inventory-service] [           main] o.f.c.i.s.DefaultSqlScriptExecutor       : 0 rows affected
2025-08-19T10:11:23.558-03:00 DEBUG 4270 --- [inventory-service] [           main] o.f.core.internal.command.DbMigrate      : Successfully completed migration of schema `ticketing` to version "1 - init"
2025-08-19T10:11:23.567-03:00 DEBUG 4270 --- [inventory-service] [           main] o.f.c.i.s.JdbcTableSchemaHistory         : Schema History table `ticketing`.`flyway_schema_history` successfully updated to reflect changes
2025-08-19T10:11:23.572-03:00 DEBUG 4270 --- [inventory-service] [           main] o.f.c.a.c.ClassicConfiguration           : CherryPickConfigurationExtension not found
2025-08-19T10:11:23.579-03:00  INFO 4270 --- [inventory-service] [           main] o.f.core.internal.command.DbMigrate      : Successfully applied 1 migration to schema `ticketing`, now at version v1 (execution time 00:00.025s)
2025-08-19T10:11:23.585-03:00 DEBUG 4270 --- [inventory-service] [onnection-adder] com.zaxxer.hikari.pool.HikariPool        : HikariPool-1 - After adding stats (total=3/10, idle=2/10, active=1, waiting=0)
2025-08-19T10:11:23.585-03:00 DEBUG 4270 --- [inventory-service] [onnection-adder] com.zaxxer.hikari.pool.PoolBase          : HikariPool-1 - Attempting to create/setup new connection (fd7f98c8-cdf5-4fe3-a8e5-6c0487c4db7c)
2025-08-19T10:11:23.587-03:00 DEBUG 4270 --- [inventory-service] [           main] org.flywaydb.core.FlywayExecutor         : Memory usage: 35 of 72M
2025-08-19T10:11:23.587-03:00 DEBUG 4270 --- [inventory-service] [           main] o.s.b.f.s.DefaultListableBeanFactory     : Creating shared instance of singleton bean 'dataSourceScriptDatabaseInitializer'
2025-08-19T10:11:23.587-03:00 DEBUG 4270 --- [inventory-service] [           main] o.s.b.f.s.DefaultListableBeanFactory     : Creating shared instance of singleton bean 'org.springframework.boot.autoconfigure.sql.init.DataSourceInitializationConfiguration'
2025-08-19T10:11:23.588-03:00 DEBUG 4270 --- [inventory-service] [           main] o.s.b.f.s.DefaultListableBeanFactory     : Creating shared instance of singleton bean 'spring.sql.init-org.springframework.boot.autoconfigure.sql.init.SqlInitializationProperties'
2025-08-19T10:11:23.589-03:00 DEBUG 4270 --- [inventory-service] [           main] o.s.b.f.s.DefaultListableBeanFactory     : Autowiring by type from bean name 'dataSourceScriptDatabaseInitializer' via factory method to bean named 'dataSource'
2025-08-19T10:11:23.589-03:00 DEBUG 4270 --- [inventory-service] [           main] o.s.b.f.s.DefaultListableBeanFactory     : Autowiring by type from bean name 'dataSourceScriptDatabaseInitializer' via factory method to bean named 'spring.sql.init-org.springframework.boot.autoconfigure.sql.init.SqlInitializationProperties'
2025-08-19T10:11:23.590-03:00 DEBUG 4270 --- [inventory-service] [onnection-adder] jdk.event.security                       : X509Certificate: Alg:SHA256withRSA, Serial:02, Subject:CN=MySQL_Server_8.3.0_Auto_Generated_Server_Certificate, Issuer:CN=MySQL_Server_8.3.0_Auto_Generated_CA_Certificate, Key type:RSA, Length:2048, Cert Id:2708609608, Valid from:8/19/25, 10:03 AM, Valid until:8/17/35, 10:03 AM
2025-08-19T10:11:23.590-03:00 DEBUG 4270 --- [inventory-service] [onnection-adder] jdk.event.security                       : X509Certificate: Alg:SHA256withRSA, Serial:01, Subject:CN=MySQL_Server_8.3.0_Auto_Generated_CA_Certificate, Issuer:CN=MySQL_Server_8.3.0_Auto_Generated_CA_Certificate, Key type:RSA, Length:2048, Cert Id:3154017520, Valid from:8/19/25, 10:03 AM, Valid until:8/17/35, 10:03 AM
2025-08-19T10:11:23.591-03:00 DEBUG 4270 --- [inventory-service] [           main] o.s.b.f.s.DefaultListableBeanFactory     : Creating shared instance of singleton bean 'entityManagerFactory'
2025-08-19T10:11:23.591-03:00 DEBUG 4270 --- [inventory-service] [           main] o.s.b.f.s.DefaultListableBeanFactory     : Creating shared instance of singleton bean 'org.springframework.boot.autoconfigure.orm.jpa.HibernateJpaConfiguration'
2025-08-19T10:11:23.592-03:00 DEBUG 4270 --- [inventory-service] [           main] o.s.b.f.s.DefaultListableBeanFactory     : Creating shared instance of singleton bean 'spring.jpa-org.springframework.boot.autoconfigure.orm.jpa.JpaProperties'
2025-08-19T10:11:23.592-03:00 DEBUG 4270 --- [inventory-service] [onnection-adder] jdk.event.security                       :  TLSHandshake: localhost:3306, TLSv1.3, TLS_AES_256_GCM_SHA384, 2708609608
2025-08-19T10:11:23.593-03:00 DEBUG 4270 --- [inventory-service] [           main] o.s.b.f.s.DefaultListableBeanFactory     : Creating shared instance of singleton bean 'spring.jpa.hibernate-org.springframework.boot.autoconfigure.orm.jpa.HibernateProperties'
2025-08-19T10:11:23.593-03:00 DEBUG 4270 --- [inventory-service] [           main] o.s.b.f.s.DefaultListableBeanFactory     : Autowiring by type from bean name 'org.springframework.boot.autoconfigure.orm.jpa.HibernateJpaConfiguration' via constructor to bean named 'dataSource'
2025-08-19T10:11:23.593-03:00 DEBUG 4270 --- [inventory-service] [           main] o.s.b.f.s.DefaultListableBeanFactory     : Autowiring by type from bean name 'org.springframework.boot.autoconfigure.orm.jpa.HibernateJpaConfiguration' via constructor to bean named 'spring.jpa-org.springframework.boot.autoconfigure.orm.jpa.JpaProperties'
2025-08-19T10:11:23.593-03:00 DEBUG 4270 --- [inventory-service] [           main] o.s.b.f.s.DefaultListableBeanFactory     : Autowiring by type from bean name 'org.springframework.boot.autoconfigure.orm.jpa.HibernateJpaConfiguration' via constructor to bean named 'org.springframework.beans.factory.support.DefaultListableBeanFactory@18fdb6cf'
2025-08-19T10:11:23.593-03:00 DEBUG 4270 --- [inventory-service] [           main] o.s.b.f.s.DefaultListableBeanFactory     : Autowiring by type from bean name 'org.springframework.boot.autoconfigure.orm.jpa.HibernateJpaConfiguration' via constructor to bean named 'spring.jpa.hibernate-org.springframework.boot.autoconfigure.orm.jpa.HibernateProperties'
2025-08-19T10:11:23.595-03:00 DEBUG 4270 --- [inventory-service] [           main] o.s.b.f.s.DefaultListableBeanFactory     : Creating shared instance of singleton bean 'hikariPoolDataSourceMetadataProvider'
2025-08-19T10:11:23.595-03:00 DEBUG 4270 --- [inventory-service] [onnection-adder] com.zaxxer.hikari.pool.PoolBase          : HikariPool-1 - Established new connection (fd7f98c8-cdf5-4fe3-a8e5-6c0487c4db7c)
2025-08-19T10:11:23.595-03:00 DEBUG 4270 --- [inventory-service] [           main] o.s.b.f.s.DefaultListableBeanFactory     : Creating shared instance of singleton bean 'org.springframework.boot.autoconfigure.jdbc.metadata.DataSourcePoolMetadataProvidersConfiguration$HikariPoolDataSourceMetadataProviderConfiguration'
2025-08-19T10:11:23.595-03:00 DEBUG 4270 --- [inventory-service] [onnection-adder] com.zaxxer.hikari.pool.HikariPool        : HikariPool-1 - Added connection com.mysql.cj.jdbc.ConnectionImpl@50d40dc4
2025-08-19T10:11:23.597-03:00 DEBUG 4270 --- [inventory-service] [           main] o.s.b.f.s.DefaultListableBeanFactory     : Creating shared instance of singleton bean 'entityManagerFactoryBuilder'
2025-08-19T10:11:23.598-03:00 DEBUG 4270 --- [inventory-service] [           main] o.s.b.f.s.DefaultListableBeanFactory     : Creating shared instance of singleton bean 'jpaVendorAdapter'
2025-08-19T10:11:23.603-03:00 DEBUG 4270 --- [inventory-service] [           main] org.jboss.logging                        : Logging Provider: org.jboss.logging.Slf4jLoggerProvider found via system property
2025-08-19T10:11:23.605-03:00 DEBUG 4270 --- [inventory-service] [           main] o.s.b.f.s.DefaultListableBeanFactory     : Autowiring by type from bean name 'entityManagerFactoryBuilder' via factory method to bean named 'jpaVendorAdapter'
2025-08-19T10:11:23.606-03:00 DEBUG 4270 --- [inventory-service] [           main] o.s.b.f.s.DefaultListableBeanFactory     : Creating shared instance of singleton bean 'persistenceManagedTypes'
2025-08-19T10:11:23.606-03:00 DEBUG 4270 --- [inventory-service] [           main] o.s.b.f.s.DefaultListableBeanFactory     : Autowiring by type from bean name 'persistenceManagedTypes' via factory method to bean named 'org.springframework.beans.factory.support.DefaultListableBeanFactory@18fdb6cf'
2025-08-19T10:11:23.606-03:00 DEBUG 4270 --- [inventory-service] [           main] o.s.b.f.s.DefaultListableBeanFactory     : Autowiring by type from bean name 'persistenceManagedTypes' via factory method to bean named 'org.springframework.web.context.support.GenericWebApplicationContext@55a8dc49'
2025-08-19T10:11:23.609-03:00 DEBUG 4270 --- [inventory-service] [           main] o.s.b.f.s.DefaultListableBeanFactory     : Autowiring by type from bean name 'entityManagerFactory' via factory method to bean named 'entityManagerFactoryBuilder'
2025-08-19T10:11:23.609-03:00 DEBUG 4270 --- [inventory-service] [           main] o.s.b.f.s.DefaultListableBeanFactory     : Autowiring by type from bean name 'entityManagerFactory' via factory method to bean named 'persistenceManagedTypes'
2025-08-19T10:11:23.615-03:00 DEBUG 4270 --- [inventory-service] [           main] j.LocalContainerEntityManagerFactoryBean : Building JPA container EntityManagerFactory for persistence unit 'default'
2025-08-19T10:11:23.624-03:00 DEBUG 4270 --- [inventory-service] [           main] o.hibernate.jpa.internal.util.LogHelper  : PersistenceUnitInfo [
	name: default
	persistence provider classname: null
	classloader: jdk.internal.loader.ClassLoaders$AppClassLoader@18ff02e4
	excludeUnlistedClasses: true
	JTA datasource: null
	Non JTA datasource: HikariDataSource (HikariPool-1)
	Transaction type: RESOURCE_LOCAL
	PU root URL: file:/Users/andrereginatto/Desktop/projects/Spring-Microservices-Ticket-Booking-System/target/test-classes/
	Shared Cache Mode: UNSPECIFIED
	Validation Mode: AUTO
	Jar files URLs []
	Managed classes names [
		com.example.inventory_service.entities.EventEntity
		com.example.inventory_service.entities.VenueEntity]
	Mapping files names []
	Properties []
2025-08-19T10:11:23.626-03:00 DEBUG 4270 --- [inventory-service] [           main] o.h.i.internal.IntegratorServiceImpl     : Adding Integrator [org.hibernate.boot.beanvalidation.BeanValidationIntegrator].
2025-08-19T10:11:23.627-03:00 DEBUG 4270 --- [inventory-service] [           main] o.h.i.internal.IntegratorServiceImpl     : Adding Integrator [org.hibernate.cache.internal.CollectionCacheInvalidator].
2025-08-19T10:11:23.630-03:00 DEBUG 4270 --- [inventory-service] [onnection-adder] com.zaxxer.hikari.pool.HikariPool        : HikariPool-1 - After adding stats (total=4/10, idle=4/10, active=0, waiting=0)
2025-08-19T10:11:23.630-03:00 DEBUG 4270 --- [inventory-service] [onnection-adder] com.zaxxer.hikari.pool.PoolBase          : HikariPool-1 - Attempting to create/setup new connection (fbca5a80-459b-4db0-85ec-f8bb88713101)
2025-08-19T10:11:23.636-03:00 DEBUG 4270 --- [inventory-service] [onnection-adder] jdk.event.security                       : X509Certificate: Alg:SHA256withRSA, Serial:02, Subject:CN=MySQL_Server_8.3.0_Auto_Generated_Server_Certificate, Issuer:CN=MySQL_Server_8.3.0_Auto_Generated_CA_Certificate, Key type:RSA, Length:2048, Cert Id:2708609608, Valid from:8/19/25, 10:03 AM, Valid until:8/17/35, 10:03 AM
2025-08-19T10:11:23.636-03:00 DEBUG 4270 --- [inventory-service] [onnection-adder] jdk.event.security                       : X509Certificate: Alg:SHA256withRSA, Serial:01, Subject:CN=MySQL_Server_8.3.0_Auto_Generated_CA_Certificate, Issuer:CN=MySQL_Server_8.3.0_Auto_Generated_CA_Certificate, Key type:RSA, Length:2048, Cert Id:3154017520, Valid from:8/19/25, 10:03 AM, Valid until:8/17/35, 10:03 AM
2025-08-19T10:11:23.637-03:00 DEBUG 4270 --- [inventory-service] [onnection-adder] jdk.event.security                       :  TLSHandshake: localhost:3306, TLSv1.3, TLS_AES_256_GCM_SHA384, 2708609608
2025-08-19T10:11:23.640-03:00 DEBUG 4270 --- [inventory-service] [onnection-adder] com.zaxxer.hikari.pool.PoolBase          : HikariPool-1 - Established new connection (fbca5a80-459b-4db0-85ec-f8bb88713101)
2025-08-19T10:11:23.640-03:00 DEBUG 4270 --- [inventory-service] [onnection-adder] com.zaxxer.hikari.pool.HikariPool        : HikariPool-1 - Added connection com.mysql.cj.jdbc.ConnectionImpl@1e0e031
2025-08-19T10:11:23.649-03:00  INFO 4270 --- [inventory-service] [           main] org.hibernate.Version                    : HHH000412: Hibernate ORM core version 6.6.22.Final
2025-08-19T10:11:23.649-03:00 DEBUG 4270 --- [inventory-service] [           main] org.hibernate.cfg.Environment            : HHH000206: 'hibernate.properties' not found
2025-08-19T10:11:23.660-03:00 DEBUG 4270 --- [inventory-service] [           main] org.hibernate.orm.idgen.factory          : Registering IdentifierGenerator strategy [uuid2] -> [org.hibernate.id.UUIDGenerator]
2025-08-19T10:11:23.660-03:00 DEBUG 4270 --- [inventory-service] [           main] org.hibernate.orm.idgen.factory          : Registering IdentifierGenerator strategy [guid] -> [org.hibernate.id.GUIDGenerator]
2025-08-19T10:11:23.660-03:00 DEBUG 4270 --- [inventory-service] [           main] org.hibernate.orm.idgen.factory          : Registering IdentifierGenerator strategy [uuid] -> [org.hibernate.id.UUIDHexGenerator]
2025-08-19T10:11:23.661-03:00 DEBUG 4270 --- [inventory-service] [           main] org.hibernate.orm.idgen.factory          : Registering IdentifierGenerator strategy [uuid.hex] -> [org.hibernate.id.UUIDHexGenerator]
2025-08-19T10:11:23.661-03:00 DEBUG 4270 --- [inventory-service] [           main] org.hibernate.orm.idgen.factory          : Registering IdentifierGenerator strategy [assigned] -> [org.hibernate.id.Assigned]
2025-08-19T10:11:23.661-03:00 DEBUG 4270 --- [inventory-service] [           main] org.hibernate.orm.idgen.factory          : Registering IdentifierGenerator strategy [identity] -> [org.hibernate.id.IdentityGenerator]
2025-08-19T10:11:23.661-03:00 DEBUG 4270 --- [inventory-service] [           main] org.hibernate.orm.idgen.factory          : Registering IdentifierGenerator strategy [select] -> [org.hibernate.id.SelectGenerator]
2025-08-19T10:11:23.662-03:00 DEBUG 4270 --- [inventory-service] [           main] org.hibernate.orm.idgen.factory          : Registering IdentifierGenerator strategy [sequence] -> [org.hibernate.id.enhanced.SequenceStyleGenerator]
2025-08-19T10:11:23.662-03:00 DEBUG 4270 --- [inventory-service] [           main] org.hibernate.orm.idgen.factory          : Registering IdentifierGenerator strategy [increment] -> [org.hibernate.id.IncrementGenerator]
2025-08-19T10:11:23.662-03:00 DEBUG 4270 --- [inventory-service] [           main] org.hibernate.orm.idgen.factory          : Registering IdentifierGenerator strategy [foreign] -> [org.hibernate.id.ForeignGenerator]
2025-08-19T10:11:23.662-03:00 DEBUG 4270 --- [inventory-service] [           main] org.hibernate.orm.idgen.factory          : Registering IdentifierGenerator strategy [enhanced-sequence] -> [org.hibernate.id.enhanced.SequenceStyleGenerator]
2025-08-19T10:11:23.662-03:00 DEBUG 4270 --- [inventory-service] [           main] org.hibernate.orm.idgen.factory          : Registering IdentifierGenerator strategy [enhanced-table] -> [org.hibernate.id.enhanced.TableGenerator]
2025-08-19T10:11:23.665-03:00 DEBUG 4270 --- [inventory-service] [           main] o.h.c.internal.RegionFactoryInitiator    : Cannot default RegionFactory based on registered strategies as `[]` RegionFactory strategies were registered
2025-08-19T10:11:23.665-03:00  INFO 4270 --- [inventory-service] [           main] o.h.c.internal.RegionFactoryInitiator    : HHH000026: Second-level cache disabled
2025-08-19T10:11:23.672-03:00 DEBUG 4270 --- [inventory-service] [onnection-adder] com.zaxxer.hikari.pool.HikariPool        : HikariPool-1 - After adding stats (total=5/10, idle=5/10, active=0, waiting=0)
2025-08-19T10:11:23.672-03:00 DEBUG 4270 --- [inventory-service] [onnection-adder] com.zaxxer.hikari.pool.PoolBase          : HikariPool-1 - Attempting to create/setup new connection (2f5ddd15-4cf3-432a-afb5-eec9878246f0)
2025-08-19T10:11:23.678-03:00 DEBUG 4270 --- [inventory-service] [onnection-adder] jdk.event.security                       : X509Certificate: Alg:SHA256withRSA, Serial:02, Subject:CN=MySQL_Server_8.3.0_Auto_Generated_Server_Certificate, Issuer:CN=MySQL_Server_8.3.0_Auto_Generated_CA_Certificate, Key type:RSA, Length:2048, Cert Id:2708609608, Valid from:8/19/25, 10:03 AM, Valid until:8/17/35, 10:03 AM
2025-08-19T10:11:23.678-03:00 DEBUG 4270 --- [inventory-service] [onnection-adder] jdk.event.security                       : X509Certificate: Alg:SHA256withRSA, Serial:01, Subject:CN=MySQL_Server_8.3.0_Auto_Generated_CA_Certificate, Issuer:CN=MySQL_Server_8.3.0_Auto_Generated_CA_Certificate, Key type:RSA, Length:2048, Cert Id:3154017520, Valid from:8/19/25, 10:03 AM, Valid until:8/17/35, 10:03 AM
2025-08-19T10:11:23.680-03:00 DEBUG 4270 --- [inventory-service] [onnection-adder] jdk.event.security                       :  TLSHandshake: localhost:3306, TLSv1.3, TLS_AES_256_GCM_SHA384, 2708609608
2025-08-19T10:11:23.683-03:00 DEBUG 4270 --- [inventory-service] [onnection-adder] com.zaxxer.hikari.pool.PoolBase          : HikariPool-1 - Established new connection (2f5ddd15-4cf3-432a-afb5-eec9878246f0)
2025-08-19T10:11:23.683-03:00 DEBUG 4270 --- [inventory-service] [onnection-adder] com.zaxxer.hikari.pool.HikariPool        : HikariPool-1 - Added connection com.mysql.cj.jdbc.ConnectionImpl@2760ba96
2025-08-19T10:11:23.695-03:00 DEBUG 4270 --- [inventory-service] [           main] org.hibernate.type.BasicTypeRegistry     : Adding type registration boolean -> org.hibernate.type.BasicTypeReference@298263fa
2025-08-19T10:11:23.695-03:00 DEBUG 4270 --- [inventory-service] [           main] org.hibernate.type.BasicTypeRegistry     : Adding type registration boolean -> org.hibernate.type.BasicTypeReference@298263fa
2025-08-19T10:11:23.696-03:00 DEBUG 4270 --- [inventory-service] [           main] org.hibernate.type.BasicTypeRegistry     : Adding type registration java.lang.Boolean -> org.hibernate.type.BasicTypeReference@298263fa
2025-08-19T10:11:23.696-03:00 DEBUG 4270 --- [inventory-service] [           main] org.hibernate.type.BasicTypeRegistry     : Adding type registration numeric_boolean -> org.hibernate.type.BasicTypeReference@466fedfa
2025-08-19T10:11:23.696-03:00 DEBUG 4270 --- [inventory-service] [           main] org.hibernate.type.BasicTypeRegistry     : Adding type registration org.hibernate.type.NumericBooleanConverter -> org.hibernate.type.BasicTypeReference@466fedfa
2025-08-19T10:11:23.696-03:00 DEBUG 4270 --- [inventory-service] [           main] org.hibernate.type.BasicTypeRegistry     : Adding type registration true_false -> org.hibernate.type.BasicTypeReference@1a7d0c9f
2025-08-19T10:11:23.696-03:00 DEBUG 4270 --- [inventory-service] [           main] org.hibernate.type.BasicTypeRegistry     : Adding type registration org.hibernate.type.TrueFalseConverter -> org.hibernate.type.BasicTypeReference@1a7d0c9f
2025-08-19T10:11:23.696-03:00 DEBUG 4270 --- [inventory-service] [           main] org.hibernate.type.BasicTypeRegistry     : Adding type registration yes_no -> org.hibernate.type.BasicTypeReference@2b1a901d
2025-08-19T10:11:23.696-03:00 DEBUG 4270 --- [inventory-service] [           main] org.hibernate.type.BasicTypeRegistry     : Adding type registration org.hibernate.type.YesNoConverter -> org.hibernate.type.BasicTypeReference@2b1a901d
2025-08-19T10:11:23.696-03:00 DEBUG 4270 --- [inventory-service] [           main] org.hibernate.type.BasicTypeRegistry     : Adding type registration byte -> org.hibernate.type.BasicTypeReference@11bdab37
2025-08-19T10:11:23.696-03:00 DEBUG 4270 --- [inventory-service] [           main] org.hibernate.type.BasicTypeRegistry     : Adding type registration byte -> org.hibernate.type.BasicTypeReference@11bdab37
2025-08-19T10:11:23.696-03:00 DEBUG 4270 --- [inventory-service] [           main] org.hibernate.type.BasicTypeRegistry     : Adding type registration java.lang.Byte -> org.hibernate.type.BasicTypeReference@11bdab37
2025-08-19T10:11:23.696-03:00 DEBUG 4270 --- [inventory-service] [           main] org.hibernate.type.BasicTypeRegistry     : Adding type registration binary -> org.hibernate.type.BasicTypeReference@280484c7
2025-08-19T10:11:23.696-03:00 DEBUG 4270 --- [inventory-service] [           main] org.hibernate.type.BasicTypeRegistry     : Adding type registration byte[] -> org.hibernate.type.BasicTypeReference@280484c7
2025-08-19T10:11:23.696-03:00 DEBUG 4270 --- [inventory-service] [           main] org.hibernate.type.BasicTypeRegistry     : Adding type registration [B -> org.hibernate.type.BasicTypeReference@280484c7
2025-08-19T10:11:23.696-03:00 DEBUG 4270 --- [inventory-service] [           main] org.hibernate.type.BasicTypeRegistry     : Adding type registration binary_wrapper -> org.hibernate.type.BasicTypeReference@5a6f6cac
2025-08-19T10:11:23.696-03:00 DEBUG 4270 --- [inventory-service] [           main] org.hibernate.type.BasicTypeRegistry     : Adding type registration wrapper-binary -> org.hibernate.type.BasicTypeReference@5a6f6cac
2025-08-19T10:11:23.696-03:00 DEBUG 4270 --- [inventory-service] [           main] org.hibernate.type.BasicTypeRegistry     : Adding type registration image -> org.hibernate.type.BasicTypeReference@258a8584
2025-08-19T10:11:23.696-03:00 DEBUG 4270 --- [inventory-service] [           main] org.hibernate.type.BasicTypeRegistry     : Adding type registration blob -> org.hibernate.type.BasicTypeReference@59127611
2025-08-19T10:11:23.696-03:00 DEBUG 4270 --- [inventory-service] [           main] org.hibernate.type.BasicTypeRegistry     : Adding type registration java.sql.Blob -> org.hibernate.type.BasicTypeReference@59127611
2025-08-19T10:11:23.696-03:00 DEBUG 4270 --- [inventory-service] [           main] org.hibernate.type.BasicTypeRegistry     : Adding type registration materialized_blob -> org.hibernate.type.BasicTypeReference@553ce348
2025-08-19T10:11:23.696-03:00 DEBUG 4270 --- [inventory-service] [           main] org.hibernate.type.BasicTypeRegistry     : Adding type registration materialized_blob_wrapper -> org.hibernate.type.BasicTypeReference@7417ef4f
2025-08-19T10:11:23.696-03:00 DEBUG 4270 --- [inventory-service] [           main] org.hibernate.type.BasicTypeRegistry     : Adding type registration short -> org.hibernate.type.BasicTypeReference@5c0e2ec
2025-08-19T10:11:23.696-03:00 DEBUG 4270 --- [inventory-service] [           main] org.hibernate.type.BasicTypeRegistry     : Adding type registration short -> org.hibernate.type.BasicTypeReference@5c0e2ec
2025-08-19T10:11:23.696-03:00 DEBUG 4270 --- [inventory-service] [           main] org.hibernate.type.BasicTypeRegistry     : Adding type registration java.lang.Short -> org.hibernate.type.BasicTypeReference@5c0e2ec
2025-08-19T10:11:23.696-03:00 DEBUG 4270 --- [inventory-service] [           main] org.hibernate.type.BasicTypeRegistry     : Adding type registration integer -> org.hibernate.type.BasicTypeReference@4fa8bebb
2025-08-19T10:11:23.696-03:00 DEBUG 4270 --- [inventory-service] [           main] org.hibernate.type.BasicTypeRegistry     : Adding type registration int -> org.hibernate.type.BasicTypeReference@4fa8bebb
2025-08-19T10:11:23.696-03:00 DEBUG 4270 --- [inventory-service] [           main] org.hibernate.type.BasicTypeRegistry     : Adding type registration java.lang.Integer -> org.hibernate.type.BasicTypeReference@4fa8bebb
2025-08-19T10:11:23.696-03:00 DEBUG 4270 --- [inventory-service] [           main] org.hibernate.type.BasicTypeRegistry     : Adding type registration long -> org.hibernate.type.BasicTypeReference@7d3c22a5
2025-08-19T10:11:23.696-03:00 DEBUG 4270 --- [inventory-service] [           main] org.hibernate.type.BasicTypeRegistry     : Adding type registration long -> org.hibernate.type.BasicTypeReference@7d3c22a5
2025-08-19T10:11:23.696-03:00 DEBUG 4270 --- [inventory-service] [           main] org.hibernate.type.BasicTypeRegistry     : Adding type registration java.lang.Long -> org.hibernate.type.BasicTypeReference@7d3c22a5
2025-08-19T10:11:23.696-03:00 DEBUG 4270 --- [inventory-service] [           main] org.hibernate.type.BasicTypeRegistry     : Adding type registration float -> org.hibernate.type.BasicTypeReference@369ad7da
2025-08-19T10:11:23.696-03:00 DEBUG 4270 --- [inventory-service] [           main] org.hibernate.type.BasicTypeRegistry     : Adding type registration float -> org.hibernate.type.BasicTypeReference@369ad7da
2025-08-19T10:11:23.696-03:00 DEBUG 4270 --- [inventory-service] [           main] org.hibernate.type.BasicTypeRegistry     : Adding type registration java.lang.Float -> org.hibernate.type.BasicTypeReference@369ad7da
2025-08-19T10:11:23.696-03:00 DEBUG 4270 --- [inventory-service] [           main] org.hibernate.type.BasicTypeRegistry     : Adding type registration double -> org.hibernate.type.BasicTypeReference@344f9467
2025-08-19T10:11:23.696-03:00 DEBUG 4270 --- [inventory-service] [           main] org.hibernate.type.BasicTypeRegistry     : Adding type registration double -> org.hibernate.type.BasicTypeReference@344f9467
2025-08-19T10:11:23.696-03:00 DEBUG 4270 --- [inventory-service] [           main] org.hibernate.type.BasicTypeRegistry     : Adding type registration java.lang.Double -> org.hibernate.type.BasicTypeReference@344f9467
2025-08-19T10:11:23.696-03:00 DEBUG 4270 --- [inventory-service] [           main] org.hibernate.type.BasicTypeRegistry     : Adding type registration big_integer -> org.hibernate.type.BasicTypeReference@3e98b933
2025-08-19T10:11:23.696-03:00 DEBUG 4270 --- [inventory-service] [           main] org.hibernate.type.BasicTypeRegistry     : Adding type registration java.math.BigInteger -> org.hibernate.type.BasicTypeReference@3e98b933
2025-08-19T10:11:23.696-03:00 DEBUG 4270 --- [inventory-service] [           main] org.hibernate.type.BasicTypeRegistry     : Adding type registration big_decimal -> org.hibernate.type.BasicTypeReference@222d9d4f
2025-08-19T10:11:23.696-03:00 DEBUG 4270 --- [inventory-service] [           main] org.hibernate.type.BasicTypeRegistry     : Adding type registration java.math.BigDecimal -> org.hibernate.type.BasicTypeReference@222d9d4f
2025-08-19T10:11:23.696-03:00 DEBUG 4270 --- [inventory-service] [           main] org.hibernate.type.BasicTypeRegistry     : Adding type registration character -> org.hibernate.type.BasicTypeReference@4269aad7
2025-08-19T10:11:23.696-03:00 DEBUG 4270 --- [inventory-service] [           main] org.hibernate.type.BasicTypeRegistry     : Adding type registration char -> org.hibernate.type.BasicTypeReference@4269aad7
2025-08-19T10:11:23.696-03:00 DEBUG 4270 --- [inventory-service] [           main] org.hibernate.type.BasicTypeRegistry     : Adding type registration java.lang.Character -> org.hibernate.type.BasicTypeReference@4269aad7
2025-08-19T10:11:23.696-03:00 DEBUG 4270 --- [inventory-service] [           main] org.hibernate.type.BasicTypeRegistry     : Adding type registration character_nchar -> org.hibernate.type.BasicTypeReference@a4df251
2025-08-19T10:11:23.696-03:00 DEBUG 4270 --- [inventory-service] [           main] org.hibernate.type.BasicTypeRegistry     : Adding type registration string -> org.hibernate.type.BasicTypeReference@71e7830a
2025-08-19T10:11:23.696-03:00 DEBUG 4270 --- [inventory-service] [           main] org.hibernate.type.BasicTypeRegistry     : Adding type registration java.lang.String -> org.hibernate.type.BasicTypeReference@71e7830a
2025-08-19T10:11:23.696-03:00 DEBUG 4270 --- [inventory-service] [           main] org.hibernate.type.BasicTypeRegistry     : Adding type registration nstring -> org.hibernate.type.BasicTypeReference@3feebf9c
2025-08-19T10:11:23.696-03:00 DEBUG 4270 --- [inventory-service] [           main] org.hibernate.type.BasicTypeRegistry     : Adding type registration characters -> org.hibernate.type.BasicTypeReference@305e95a4
2025-08-19T10:11:23.696-03:00 DEBUG 4270 --- [inventory-service] [           main] org.hibernate.type.BasicTypeRegistry     : Adding type registration char[] -> org.hibernate.type.BasicTypeReference@305e95a4
2025-08-19T10:11:23.696-03:00 DEBUG 4270 --- [inventory-service] [           main] org.hibernate.type.BasicTypeRegistry     : Adding type registration [C -> org.hibernate.type.BasicTypeReference@305e95a4
2025-08-19T10:11:23.697-03:00 DEBUG 4270 --- [inventory-service] [           main] org.hibernate.type.BasicTypeRegistry     : Adding type registration wrapper-characters -> org.hibernate.type.BasicTypeReference@55e42684
2025-08-19T10:11:23.697-03:00 DEBUG 4270 --- [inventory-service] [           main] org.hibernate.type.BasicTypeRegistry     : Adding type registration text -> org.hibernate.type.BasicTypeReference@18d610e1
2025-08-19T10:11:23.697-03:00 DEBUG 4270 --- [inventory-service] [           main] org.hibernate.type.BasicTypeRegistry     : Adding type registration ntext -> org.hibernate.type.BasicTypeReference@528e5e38
2025-08-19T10:11:23.697-03:00 DEBUG 4270 --- [inventory-service] [           main] org.hibernate.type.BasicTypeRegistry     : Adding type registration clob -> org.hibernate.type.BasicTypeReference@16391278
2025-08-19T10:11:23.697-03:00 DEBUG 4270 --- [inventory-service] [           main] org.hibernate.type.BasicTypeRegistry     : Adding type registration java.sql.Clob -> org.hibernate.type.BasicTypeReference@16391278
2025-08-19T10:11:23.697-03:00 DEBUG 4270 --- [inventory-service] [           main] org.hibernate.type.BasicTypeRegistry     : Adding type registration nclob -> org.hibernate.type.BasicTypeReference@621dc63d
2025-08-19T10:11:23.697-03:00 DEBUG 4270 --- [inventory-service] [           main] org.hibernate.type.BasicTypeRegistry     : Adding type registration java.sql.NClob -> org.hibernate.type.BasicTypeReference@621dc63d
2025-08-19T10:11:23.697-03:00 DEBUG 4270 --- [inventory-service] [           main] org.hibernate.type.BasicTypeRegistry     : Adding type registration materialized_clob -> org.hibernate.type.BasicTypeReference@4ae49387
2025-08-19T10:11:23.697-03:00 DEBUG 4270 --- [inventory-service] [           main] org.hibernate.type.BasicTypeRegistry     : Adding type registration materialized_clob_char_array -> org.hibernate.type.BasicTypeReference@6abb7b7d
2025-08-19T10:11:23.697-03:00 DEBUG 4270 --- [inventory-service] [           main] org.hibernate.type.BasicTypeRegistry     : Adding type registration materialized_clob_character_array -> org.hibernate.type.BasicTypeReference@34cf0e80
2025-08-19T10:11:23.697-03:00 DEBUG 4270 --- [inventory-service] [           main] org.hibernate.type.BasicTypeRegistry     : Adding type registration materialized_nclob -> org.hibernate.type.BasicTypeReference@38ef1a0a
2025-08-19T10:11:23.697-03:00 DEBUG 4270 --- [inventory-service] [           main] org.hibernate.type.BasicTypeRegistry     : Adding type registration materialized_nclob_character_array -> org.hibernate.type.BasicTypeReference@56f9de3b
2025-08-19T10:11:23.697-03:00 DEBUG 4270 --- [inventory-service] [           main] org.hibernate.type.BasicTypeRegistry     : Adding type registration materialized_nclob_char_array -> org.hibernate.type.BasicTypeReference@6728370a
2025-08-19T10:11:23.697-03:00 DEBUG 4270 --- [inventory-service] [           main] org.hibernate.type.BasicTypeRegistry     : Adding type registration Duration -> org.hibernate.type.BasicTypeReference@2b5f8e61
2025-08-19T10:11:23.697-03:00 DEBUG 4270 --- [inventory-service] [           main] org.hibernate.type.BasicTypeRegistry     : Adding type registration java.time.Duration -> org.hibernate.type.BasicTypeReference@2b5f8e61
2025-08-19T10:11:23.697-03:00 DEBUG 4270 --- [inventory-service] [           main] org.hibernate.type.BasicTypeRegistry     : Adding type registration LocalDateTime -> org.hibernate.type.BasicTypeReference@6ba0ee4a
2025-08-19T10:11:23.697-03:00 DEBUG 4270 --- [inventory-service] [           main] org.hibernate.type.BasicTypeRegistry     : Adding type registration java.time.LocalDateTime -> org.hibernate.type.BasicTypeReference@6ba0ee4a
2025-08-19T10:11:23.697-03:00 DEBUG 4270 --- [inventory-service] [           main] org.hibernate.type.BasicTypeRegistry     : Adding type registration LocalDate -> org.hibernate.type.BasicTypeReference@73b0ed03
2025-08-19T10:11:23.697-03:00 DEBUG 4270 --- [inventory-service] [           main] org.hibernate.type.BasicTypeRegistry     : Adding type registration java.time.LocalDate -> org.hibernate.type.BasicTypeReference@73b0ed03
2025-08-19T10:11:23.697-03:00 DEBUG 4270 --- [inventory-service] [           main] org.hibernate.type.BasicTypeRegistry     : Adding type registration LocalTime -> org.hibernate.type.BasicTypeReference@55061418
2025-08-19T10:11:23.697-03:00 DEBUG 4270 --- [inventory-service] [           main] org.hibernate.type.BasicTypeRegistry     : Adding type registration java.time.LocalTime -> org.hibernate.type.BasicTypeReference@55061418
2025-08-19T10:11:23.697-03:00 DEBUG 4270 --- [inventory-service] [           main] org.hibernate.type.BasicTypeRegistry     : Adding type registration OffsetDateTime -> org.hibernate.type.BasicTypeReference@27db45f
2025-08-19T10:11:23.697-03:00 DEBUG 4270 --- [inventory-service] [           main] org.hibernate.type.BasicTypeRegistry     : Adding type registration java.time.OffsetDateTime -> org.hibernate.type.BasicTypeReference@27db45f
2025-08-19T10:11:23.697-03:00 DEBUG 4270 --- [inventory-service] [           main] org.hibernate.type.BasicTypeRegistry     : Adding type registration OffsetDateTimeWithTimezone -> org.hibernate.type.BasicTypeReference@6ec3d8e4
2025-08-19T10:11:23.697-03:00 DEBUG 4270 --- [inventory-service] [           main] org.hibernate.type.BasicTypeRegistry     : Adding type registration OffsetDateTimeWithoutTimezone -> org.hibernate.type.BasicTypeReference@1aeff8ca
2025-08-19T10:11:23.697-03:00 DEBUG 4270 --- [inventory-service] [           main] org.hibernate.type.BasicTypeRegistry     : Adding type registration OffsetTime -> org.hibernate.type.BasicTypeReference@7f2c995b
2025-08-19T10:11:23.697-03:00 DEBUG 4270 --- [inventory-service] [           main] org.hibernate.type.BasicTypeRegistry     : Adding type registration java.time.OffsetTime -> org.hibernate.type.BasicTypeReference@7f2c995b
2025-08-19T10:11:23.697-03:00 DEBUG 4270 --- [inventory-service] [           main] org.hibernate.type.BasicTypeRegistry     : Adding type registration OffsetTimeUtc -> org.hibernate.type.BasicTypeReference@101c15ad
2025-08-19T10:11:23.697-03:00 DEBUG 4270 --- [inventory-service] [           main] org.hibernate.type.BasicTypeRegistry     : Adding type registration OffsetTimeWithTimezone -> org.hibernate.type.BasicTypeReference@6068ebb2
2025-08-19T10:11:23.697-03:00 DEBUG 4270 --- [inventory-service] [           main] org.hibernate.type.BasicTypeRegistry     : Adding type registration OffsetTimeWithoutTimezone -> org.hibernate.type.BasicTypeReference@5a466dd
2025-08-19T10:11:23.697-03:00 DEBUG 4270 --- [inventory-service] [           main] org.hibernate.type.BasicTypeRegistry     : Adding type registration ZonedDateTime -> org.hibernate.type.BasicTypeReference@1ed9d173
2025-08-19T10:11:23.697-03:00 DEBUG 4270 --- [inventory-service] [           main] org.hibernate.type.BasicTypeRegistry     : Adding type registration java.time.ZonedDateTime -> org.hibernate.type.BasicTypeReference@1ed9d173
2025-08-19T10:11:23.697-03:00 DEBUG 4270 --- [inventory-service] [           main] org.hibernate.type.BasicTypeRegistry     : Adding type registration ZonedDateTimeWithTimezone -> org.hibernate.type.BasicTypeReference@6e981e78
2025-08-19T10:11:23.697-03:00 DEBUG 4270 --- [inventory-service] [           main] org.hibernate.type.BasicTypeRegistry     : Adding type registration ZonedDateTimeWithoutTimezone -> org.hibernate.type.BasicTypeReference@498a4d62
2025-08-19T10:11:23.697-03:00 DEBUG 4270 --- [inventory-service] [           main] org.hibernate.type.BasicTypeRegistry     : Adding type registration date -> org.hibernate.type.BasicTypeReference@6fbe4800
2025-08-19T10:11:23.697-03:00 DEBUG 4270 --- [inventory-service] [           main] org.hibernate.type.BasicTypeRegistry     : Adding type registration java.sql.Date -> org.hibernate.type.BasicTypeReference@6fbe4800
2025-08-19T10:11:23.697-03:00 DEBUG 4270 --- [inventory-service] [           main] org.hibernate.type.BasicTypeRegistry     : Adding type registration time -> org.hibernate.type.BasicTypeReference@3f3c5ecd
[...]

    org.springframework.boot.autoconfigure.ssl.SslAutoConfiguration

    org.springframework.boot.autoconfigure.context.LifecycleAutoConfiguration

    org.springframework.boot.autoconfigure.context.PropertyPlaceholderAutoConfiguration

    org.springframework.boot.autoconfigure.availability.ApplicationAvailabilityAutoConfiguration

    org.springframework.boot.autoconfigure.info.ProjectInfoAutoConfiguration



2025-08-19T10:11:24.448-03:00  INFO 4270 --- [inventory-service] [           main] c.e.i.InventoryServiceApplicationTests   : Started InventoryServiceApplicationTests in 1.856 seconds (process running for 2.244)
2025-08-19T10:11:24.449-03:00 DEBUG 4270 --- [inventory-service] [           main] o.s.b.a.ApplicationAvailabilityBean      : Application availability state LivenessState changed to CORRECT
2025-08-19T10:11:24.449-03:00 DEBUG 4270 --- [inventory-service] [           main] o.s.b.a.ApplicationAvailabilityBean      : Application availability state ReadinessState changed to ACCEPTING_TRAFFIC
2025-08-19T10:11:24.450-03:00 DEBUG 4270 --- [inventory-service] [           main] org.springframework.test.context.cache   : Spring test ApplicationContext cache statistics: [DefaultContextCache@366c9912 size = 1, maxSize = 32, parentContextCount = 0, hitCount = 0, missCount = 1, failureCount = 0]
2025-08-19T10:11:24.450-03:00 DEBUG 4270 --- [inventory-service] [           main] o.s.t.c.w.ServletTestExecutionListener   : Setting up MockHttpServletRequest, MockHttpServletResponse, ServletWebRequest, and RequestContextHolder for test class com.example.inventory_service.InventoryServiceApplicationTests
2025-08-19T10:11:24.456-03:00 DEBUG 4270 --- [inventory-service] [           main] DependencyInjectionTestExecutionListener : Performing dependency injection for test class com.example.inventory_service.InventoryServiceApplicationTests
2025-08-19T10:11:24.456-03:00 DEBUG 4270 --- [inventory-service] [           main] org.springframework.test.context.cache   : Spring test ApplicationContext cache statistics: [DefaultContextCache@366c9912 size = 1, maxSize = 32, parentContextCount = 0, hitCount = 1, missCount = 1, failureCount = 0]
2025-08-19T10:11:24.456-03:00 DEBUG 4270 --- [inventory-service] [           main] org.springframework.test.context.cache   : Spring test ApplicationContext cache statistics: [DefaultContextCache@366c9912 size = 1, maxSize = 32, parentContextCount = 0, hitCount = 2, missCount = 1, failureCount = 0]
2025-08-19T10:11:24.458-03:00 DEBUG 4270 --- [inventory-service] [           main] sContextBeforeModesTestExecutionListener : Before test method: class [InventoryServiceApplicationTests], method [contextLoads], class annotated with @DirtiesContext [false] with mode [null], method annotated with @DirtiesContext [false] with mode [null]
2025-08-19T10:11:24.458-03:00 DEBUG 4270 --- [inventory-service] [           main] org.springframework.test.context.cache   : Spring test ApplicationContext cache statistics: [DefaultContextCache@366c9912 size = 1, maxSize = 32, parentContextCount = 0, hitCount = 3, missCount = 1, failureCount = 0]
2025-08-19T10:11:24.458-03:00 DEBUG 4270 --- [inventory-service] [           main] org.springframework.test.context.cache   : Spring test ApplicationContext cache statistics: [DefaultContextCache@366c9912 size = 1, maxSize = 32, parentContextCount = 0, hitCount = 4, missCount = 1, failureCount = 0]
2025-08-19T10:11:24.475-03:00 DEBUG 4270 --- [inventory-service] [           main] java.lang.ProcessBuilder                 : ProcessBuilder.start(): pid: 4272, dir: null, cmd: "/Library/Java/JavaVirtualMachines/jdk-23.0.2.jdk/Contents/Home/bin/java"

java.lang.RuntimeException: ProcessBuilder.start() debug
	at java.base/java.lang.ProcessBuilder.start(ProcessBuilder.java:1147) ~[na:na]
	at java.base/java.lang.ProcessBuilder.start(ProcessBuilder.java:1089) ~[na:na]
	at net.bytebuddy.agent.ByteBuddyAgent.installExternal(ByteBuddyAgent.java:671) ~[byte-buddy-agent-1.17.6.jar:na]
	at net.bytebuddy.agent.ByteBuddyAgent.install(ByteBuddyAgent.java:599) ~[byte-buddy-agent-1.17.6.jar:na]
	at net.bytebuddy.agent.ByteBuddyAgent.install(ByteBuddyAgent.java:579) ~[byte-buddy-agent-1.17.6.jar:na]
	at net.bytebuddy.agent.ByteBuddyAgent.install(ByteBuddyAgent.java:531) ~[byte-buddy-agent-1.17.6.jar:na]
	at net.bytebuddy.agent.ByteBuddyAgent.install(ByteBuddyAgent.java:508) ~[byte-buddy-agent-1.17.6.jar:na]
	at org.mockito.internal.PremainAttachAccess.getInstrumentation(PremainAttachAccess.java:80) ~[mockito-core-5.17.0.jar:na]
	at org.mockito.internal.creation.bytebuddy.InlineDelegateByteBuddyMockMaker.<clinit>(InlineDelegateByteBuddyMockMaker.java:138) ~[mockito-core-5.17.0.jar:na]
	at org.mockito.internal.creation.bytebuddy.InlineByteBuddyMockMaker.<init>(InlineByteBuddyMockMaker.java:23) ~[mockito-core-5.17.0.jar:na]
	at java.base/jdk.internal.reflect.DirectConstructorHandleAccessor.newInstance(DirectConstructorHandleAccessor.java:62) ~[na:na]
	at java.base/java.lang.reflect.Constructor.newInstanceWithCaller(Constructor.java:501) ~[na:na]
	at java.base/java.lang.reflect.Constructor.newInstance(Constructor.java:485) ~[na:na]
	at org.mockito.internal.configuration.plugins.DefaultMockitoPlugins.create(DefaultMockitoPlugins.java:103) ~[mockito-core-5.17.0.jar:na]
	at org.mockito.internal.configuration.plugins.DefaultMockitoPlugins.getDefaultPlugin(DefaultMockitoPlugins.java:79) ~[mockito-core-5.17.0.jar:na]
	at org.mockito.internal.configuration.plugins.PluginLoader.loadPlugin(PluginLoader.java:75) ~[mockito-core-5.17.0.jar:na]
	at org.mockito.internal.configuration.plugins.PluginLoader.loadPlugin(PluginLoader.java:49) ~[mockito-core-5.17.0.jar:na]
	at org.mockito.internal.configuration.plugins.PluginRegistry.<init>(PluginRegistry.java:29) ~[mockito-core-5.17.0.jar:na]
	at org.mockito.internal.configuration.plugins.Plugins.<clinit>(Plugins.java:26) ~[mockito-core-5.17.0.jar:na]
	at org.mockito.internal.MockitoCore.<clinit>(MockitoCore.java:71) ~[mockito-core-5.17.0.jar:na]
	at org.mockito.Mockito.<clinit>(Mockito.java:1777) ~[mockito-core-5.17.0.jar:na]
	at org.springframework.boot.test.mock.mockito.MockReset.get(MockReset.java:108) ~[spring-boot-test-3.5.4.jar:3.5.4]
	at org.springframework.boot.test.mock.mockito.ResetMocksTestExecutionListener.resetMocks(ResetMocksTestExecutionListener.java:89) ~[spring-boot-test-3.5.4.jar:3.5.4]
	at org.springframework.boot.test.mock.mockito.ResetMocksTestExecutionListener.resetMocks(ResetMocksTestExecutionListener.java:77) ~[spring-boot-test-3.5.4.jar:3.5.4]
	at org.springframework.boot.test.mock.mockito.ResetMocksTestExecutionListener.beforeTestMethod(ResetMocksTestExecutionListener.java:64) ~[spring-boot-test-3.5.4.jar:3.5.4]
	at org.springframework.test.context.TestContextManager.beforeTestMethod(TestContextManager.java:320) ~[spring-test-6.2.9.jar:6.2.9]
	at org.springframework.test.context.junit.jupiter.SpringExtension.beforeEach(SpringExtension.java:236) ~[spring-test-6.2.9.jar:6.2.9]
	at org.junit.jupiter.engine.descriptor.TestMethodTestDescriptor.lambda$invokeBeforeEachCallbacks$2(TestMethodTestDescriptor.java:165) ~[junit-jupiter-engine-5.12.2.jar:5.12.2]
	at org.junit.jupiter.engine.descriptor.TestMethodTestDescriptor.lambda$invokeBeforeMethodsOrCallbacksUntilExceptionOccurs$6(TestMethodTestDescriptor.java:201) ~[junit-jupiter-engine-5.12.2.jar:5.12.2]
	at org.junit.platform.engine.support.hierarchical.ThrowableCollector.execute(ThrowableCollector.java:73) ~[junit-platform-engine-1.12.2.jar:1.12.2]
	at org.junit.jupiter.engine.descriptor.TestMethodTestDescriptor.invokeBeforeMethodsOrCallbacksUntilExceptionOccurs(TestMethodTestDescriptor.java:201) ~[junit-jupiter-engine-5.12.2.jar:5.12.2]
	at org.junit.jupiter.engine.descriptor.TestMethodTestDescriptor.invokeBeforeEachCallbacks(TestMethodTestDescriptor.java:164) ~[junit-jupiter-engine-5.12.2.jar:5.12.2]
	at org.junit.jupiter.engine.descriptor.TestMethodTestDescriptor.execute(TestMethodTestDescriptor.java:131) ~[junit-jupiter-engine-5.12.2.jar:5.12.2]
	at org.junit.jupiter.engine.descriptor.TestMethodTestDescriptor.execute(TestMethodTestDescriptor.java:69) ~[junit-jupiter-engine-5.12.2.jar:5.12.2]
	at org.junit.platform.engine.support.hierarchical.NodeTestTask.lambda$executeRecursively$6(NodeTestTask.java:156) ~[junit-platform-engine-1.12.2.jar:1.12.2]
	at org.junit.platform.engine.support.hierarchical.ThrowableCollector.execute(ThrowableCollector.java:73) ~[junit-platform-engine-1.12.2.jar:1.12.2]
	at org.junit.platform.engine.support.hierarchical.NodeTestTask.lambda$executeRecursively$8(NodeTestTask.java:146) ~[junit-platform-engine-1.12.2.jar:1.12.2]
	at org.junit.platform.engine.support.hierarchical.Node.around(Node.java:137) ~[junit-platform-engine-1.12.2.jar:1.12.2]
	at org.junit.platform.engine.support.hierarchical.NodeTestTask.lambda$executeRecursively$9(NodeTestTask.java:144) ~[junit-platform-engine-1.12.2.jar:1.12.2]
	at org.junit.platform.engine.support.hierarchical.ThrowableCollector.execute(ThrowableCollector.java:73) ~[junit-platform-engine-1.12.2.jar:1.12.2]
	at org.junit.platform.engine.support.hierarchical.NodeTestTask.executeRecursively(NodeTestTask.java:143) ~[junit-platform-engine-1.12.2.jar:1.12.2]
	at org.junit.platform.engine.support.hierarchical.NodeTestTask.execute(NodeTestTask.java:100) ~[junit-platform-engine-1.12.2.jar:1.12.2]
	at java.base/java.util.ArrayList.forEach(ArrayList.java:1597) ~[na:na]
	at org.junit.platform.engine.support.hierarchical.SameThreadHierarchicalTestExecutorService.invokeAll(SameThreadHierarchicalTestExecutorService.java:41) ~[junit-platform-engine-1.12.2.jar:1.12.2]
	at org.junit.platform.engine.support.hierarchical.NodeTestTask.lambda$executeRecursively$6(NodeTestTask.java:160) ~[junit-platform-engine-1.12.2.jar:1.12.2]
	at org.junit.platform.engine.support.hierarchical.ThrowableCollector.execute(ThrowableCollector.java:73) ~[junit-platform-engine-1.12.2.jar:1.12.2]
	at org.junit.platform.engine.support.hierarchical.NodeTestTask.lambda$executeRecursively$8(NodeTestTask.java:146) ~[junit-platform-engine-1.12.2.jar:1.12.2]
	at org.junit.platform.engine.support.hierarchical.Node.around(Node.java:137) ~[junit-platform-engine-1.12.2.jar:1.12.2]
	at org.junit.platform.engine.support.hierarchical.NodeTestTask.lambda$executeRecursively$9(NodeTestTask.java:144) ~[junit-platform-engine-1.12.2.jar:1.12.2]
	at org.junit.platform.engine.support.hierarchical.ThrowableCollector.execute(ThrowableCollector.java:73) ~[junit-platform-engine-1.12.2.jar:1.12.2]
	at org.junit.platform.engine.support.hierarchical.NodeTestTask.executeRecursively(NodeTestTask.java:143) ~[junit-platform-engine-1.12.2.jar:1.12.2]
	at org.junit.platform.engine.support.hierarchical.NodeTestTask.execute(NodeTestTask.java:100) ~[junit-platform-engine-1.12.2.jar:1.12.2]
	at java.base/java.util.ArrayList.forEach(ArrayList.java:1597) ~[na:na]
	at org.junit.platform.engine.support.hierarchical.SameThreadHierarchicalTestExecutorService.invokeAll(SameThreadHierarchicalTestExecutorService.java:41) ~[junit-platform-engine-1.12.2.jar:1.12.2]
	at org.junit.platform.engine.support.hierarchical.NodeTestTask.lambda$executeRecursively$6(NodeTestTask.java:160) ~[junit-platform-engine-1.12.2.jar:1.12.2]
	at org.junit.platform.engine.support.hierarchical.ThrowableCollector.execute(ThrowableCollector.java:73) ~[junit-platform-engine-1.12.2.jar:1.12.2]
	at org.junit.platform.engine.support.hierarchical.NodeTestTask.lambda$executeRecursively$8(NodeTestTask.java:146) ~[junit-platform-engine-1.12.2.jar:1.12.2]
	at org.junit.platform.engine.support.hierarchical.Node.around(Node.java:137) ~[junit-platform-engine-1.12.2.jar:1.12.2]
	at org.junit.platform.engine.support.hierarchical.NodeTestTask.lambda$executeRecursively$9(NodeTestTask.java:144) ~[junit-platform-engine-1.12.2.jar:1.12.2]
	at org.junit.platform.engine.support.hierarchical.ThrowableCollector.execute(ThrowableCollector.java:73) ~[junit-platform-engine-1.12.2.jar:1.12.2]
	at org.junit.platform.engine.support.hierarchical.NodeTestTask.executeRecursively(NodeTestTask.java:143) ~[junit-platform-engine-1.12.2.jar:1.12.2]
	at org.junit.platform.engine.support.hierarchical.NodeTestTask.execute(NodeTestTask.java:100) ~[junit-platform-engine-1.12.2.jar:1.12.2]
	at org.junit.platform.engine.support.hierarchical.SameThreadHierarchicalTestExecutorService.submit(SameThreadHierarchicalTestExecutorService.java:35) ~[junit-platform-engine-1.12.2.jar:1.12.2]
	at org.junit.platform.engine.support.hierarchical.HierarchicalTestExecutor.execute(HierarchicalTestExecutor.java:57) ~[junit-platform-engine-1.12.2.jar:1.12.2]
	at org.junit.platform.engine.support.hierarchical.HierarchicalTestEngine.execute(HierarchicalTestEngine.java:54) ~[junit-platform-engine-1.12.2.jar:1.12.2]
	at org.junit.platform.launcher.core.EngineExecutionOrchestrator.execute(EngineExecutionOrchestrator.java:201) ~[junit-platform-launcher-1.12.2.jar:1.12.2]
	at org.junit.platform.launcher.core.EngineExecutionOrchestrator.execute(EngineExecutionOrchestrator.java:170) ~[junit-platform-launcher-1.12.2.jar:1.12.2]
	at org.junit.platform.launcher.core.EngineExecutionOrchestrator.execute(EngineExecutionOrchestrator.java:94) ~[junit-platform-launcher-1.12.2.jar:1.12.2]
	at org.junit.platform.launcher.core.EngineExecutionOrchestrator.lambda$execute$0(EngineExecutionOrchestrator.java:59) ~[junit-platform-launcher-1.12.2.jar:1.12.2]
	at org.junit.platform.launcher.core.EngineExecutionOrchestrator.withInterceptedStreams(EngineExecutionOrchestrator.java:142) ~[junit-platform-launcher-1.12.2.jar:1.12.2]
	at org.junit.platform.launcher.core.EngineExecutionOrchestrator.execute(EngineExecutionOrchestrator.java:58) ~[junit-platform-launcher-1.12.2.jar:1.12.2]
	at org.junit.platform.launcher.core.DefaultLauncher.execute(DefaultLauncher.java:103) ~[junit-platform-launcher-1.12.2.jar:1.12.2]
	at org.junit.platform.launcher.core.DefaultLauncher.execute(DefaultLauncher.java:85) ~[junit-platform-launcher-1.12.2.jar:1.12.2]
	at org.junit.platform.launcher.core.DelegatingLauncher.execute(DelegatingLauncher.java:47) ~[junit-platform-launcher-1.12.2.jar:1.12.2]
	at org.junit.platform.launcher.core.InterceptingLauncher.lambda$execute$1(InterceptingLauncher.java:39) ~[junit-platform-launcher-1.12.2.jar:1.12.2]
	at org.junit.platform.launcher.core.ClasspathAlignmentCheckingLauncherInterceptor.intercept(ClasspathAlignmentCheckingLauncherInterceptor.java:25) ~[junit-platform-launcher-1.12.2.jar:1.12.2]
	at org.junit.platform.launcher.core.InterceptingLauncher.execute(InterceptingLauncher.java:38) ~[junit-platform-launcher-1.12.2.jar:1.12.2]
	at org.junit.platform.launcher.core.DelegatingLauncher.execute(DelegatingLauncher.java:47) ~[junit-platform-launcher-1.12.2.jar:1.12.2]
	at org.apache.maven.surefire.junitplatform.LazyLauncher.execute(LazyLauncher.java:56) ~[surefire-junit-platform-3.5.3.jar:3.5.3]
	at org.apache.maven.surefire.junitplatform.JUnitPlatformProvider.execute(JUnitPlatformProvider.java:194) ~[surefire-junit-platform-3.5.3.jar:3.5.3]
	at org.apache.maven.surefire.junitplatform.JUnitPlatformProvider.invokeAllTests(JUnitPlatformProvider.java:150) ~[surefire-junit-platform-3.5.3.jar:3.5.3]
	at org.apache.maven.surefire.junitplatform.JUnitPlatformProvider.invoke(JUnitPlatformProvider.java:124) ~[surefire-junit-platform-3.5.3.jar:3.5.3]
	at org.apache.maven.surefire.booter.ForkedBooter.runSuitesInProcess(ForkedBooter.java:385) ~[surefire-booter-3.5.3.jar:3.5.3]
	at org.apache.maven.surefire.booter.ForkedBooter.execute(ForkedBooter.java:162) ~[surefire-booter-3.5.3.jar:3.5.3]
	at org.apache.maven.surefire.booter.ForkedBooter.run(ForkedBooter.java:507) ~[surefire-booter-3.5.3.jar:3.5.3]
	at org.apache.maven.surefire.booter.ForkedBooter.main(ForkedBooter.java:495) ~[surefire-booter-3.5.3.jar:3.5.3]

2025-08-19T10:11:24.706-03:00 DEBUG 4270 --- [inventory-service] [           main] org.springframework.test.context.cache   : Spring test ApplicationContext cache statistics: [DefaultContextCache@366c9912 size = 1, maxSize = 32, parentContextCount = 0, hitCount = 5, missCount = 1, failureCount = 0]
2025-08-19T10:11:24.707-03:00 DEBUG 4270 --- [inventory-service] [           main] org.springframework.test.context.cache   : Spring test ApplicationContext cache statistics: [DefaultContextCache@366c9912 size = 1, maxSize = 32, parentContextCount = 0, hitCount = 6, missCount = 1, failureCount = 0]
2025-08-19T10:11:24.709-03:00 DEBUG 4270 --- [inventory-service] [           main] org.springframework.test.context.cache   : Spring test ApplicationContext cache statistics: [DefaultContextCache@366c9912 size = 1, maxSize = 32, parentContextCount = 0, hitCount = 7, missCount = 1, failureCount = 0]
2025-08-19T10:11:24.709-03:00 DEBUG 4270 --- [inventory-service] [           main] org.springframework.test.context.cache   : Spring test ApplicationContext cache statistics: [DefaultContextCache@366c9912 size = 1, maxSize = 32, parentContextCount = 0, hitCount = 8, missCount = 1, failureCount = 0]
2025-08-19T10:11:24.710-03:00 DEBUG 4270 --- [inventory-service] [           main] org.springframework.test.context.cache   : Spring test ApplicationContext cache statistics: [DefaultContextCache@366c9912 size = 1, maxSize = 32, parentContextCount = 0, hitCount = 9, missCount = 1, failureCount = 0]
2025-08-19T10:11:24.710-03:00 DEBUG 4270 --- [inventory-service] [           main] org.springframework.test.context.cache   : Spring test ApplicationContext cache statistics: [DefaultContextCache@366c9912 size = 1, maxSize = 32, parentContextCount = 0, hitCount = 10, missCount = 1, failureCount = 0]
2025-08-19T10:11:24.710-03:00 DEBUG 4270 --- [inventory-service] [           main] org.springframework.test.context.cache   : Spring test ApplicationContext cache statistics: [DefaultContextCache@366c9912 size = 1, maxSize = 32, parentContextCount = 0, hitCount = 11, missCount = 1, failureCount = 0]
2025-08-19T10:11:24.710-03:00 DEBUG 4270 --- [inventory-service] [           main] org.springframework.test.context.cache   : Spring test ApplicationContext cache statistics: [DefaultContextCache@366c9912 size = 1, maxSize = 32, parentContextCount = 0, hitCount = 12, missCount = 1, failureCount = 0]
2025-08-19T10:11:24.711-03:00 DEBUG 4270 --- [inventory-service] [           main] org.springframework.test.context.cache   : Spring test ApplicationContext cache statistics: [DefaultContextCache@366c9912 size = 1, maxSize = 32, parentContextCount = 0, hitCount = 13, missCount = 1, failureCount = 0]
2025-08-19T10:11:24.711-03:00 DEBUG 4270 --- [inventory-service] [           main] .c.s.DirtiesContextTestExecutionListener : After test method: class [InventoryServiceApplicationTests], method [contextLoads], class annotated with @DirtiesContext [false] with mode [null], method annotated with @DirtiesContext [false] with mode [null]
2025-08-19T10:11:24.711-03:00 DEBUG 4270 --- [inventory-service] [           main] o.s.t.c.w.ServletTestExecutionListener   : Resetting RequestContextHolder for test class com.example.inventory_service.InventoryServiceApplicationTests
]]></system-out>
    <system-err><![CDATA[Mockito is currently self-attaching to enable the inline-mock-maker. This will no longer work in future releases of the JDK. Please add Mockito as an agent to your build as described in Mockito's documentation: https://javadoc.io/doc/org.mockito/mockito-core/latest/org.mockito/org/mockito/Mockito.html#0.3
WARNING: A Java agent has been loaded dynamically (/Users/andrereginatto/.m2/repository/net/bytebuddy/byte-buddy-agent/1.17.6/byte-buddy-agent-1.17.6.jar)
WARNING: If a serviceability tool is in use, please run with -XX:+EnableDynamicAgentLoading to hide this warning
WARNING: If a serviceability tool is not in use, please run with -Djdk.instrument.traceUsage for more information
WARNING: Dynamic loading of agents will be disallowed by default in a future release
]]></system-err>
  </testcase>
</testsuite>